Performing C SOURCE FILE Test OpenMP_FLAG_DETECTED failed with the following output:
Change Dir: /Users/rickardbergeling/GitHub/Datorgrafik-Visualisering/Assignment02/build/CMakeFiles/CMakeTmp

Run Build Command:"/usr/bin/xcodebuild" "-project" "CMAKE_TRY_COMPILE.xcodeproj" "build" "-target" "cmTC_855b1" "-configuration" "Debug"
=== BUILD TARGET cmTC_855b1 OF PROJECT CMAKE_TRY_COMPILE WITH CONFIGURATION Debug ===

Check dependencies

Write auxiliary files
/bin/mkdir -p /Users/rickardbergeling/GitHub/Datorgrafik-Visualisering/Assignment02/build/CMakeFiles/CMakeTmp/CMAKE_TRY_COMPILE.build/Debug/cmTC_855b1.build/Objects-normal/x86_64
write-file /Users/rickardbergeling/GitHub/Datorgrafik-Visualisering/Assignment02/build/CMakeFiles/CMakeTmp/CMAKE_TRY_COMPILE.build/Debug/cmTC_855b1.build/Objects-normal/x86_64/cmTC_855b1.LinkFileList

CompileC CMAKE_TRY_COMPILE.build/Debug/cmTC_855b1.build/Objects-normal/x86_64/src.o src.c normal x86_64 c com.apple.compilers.llvm.clang.1_0.compiler
    cd /Users/rickardbergeling/GitHub/Datorgrafik-Visualisering/Assignment02/build/CMakeFiles/CMakeTmp
    export LANG=en_US.US-ASCII
    /Applications/Xcode.app/Contents/Developer/Toolchains/XcodeDefault.xctoolchain/usr/bin/clang -x c -arch x86_64 -fmessage-length=0 -fdiagnostics-show-note-include-stack -fmacro-backtrace-limit=0 -Wno-trigraphs -fpascal-strings -O0 -Wno-missing-field-initializers -Wno-missing-prototypes -Wno-return-type -Wno-missing-braces -Wparentheses -Wswitch -Wno-unused-function -Wno-unused-label -Wno-unused-parameter -Wno-unused-variable -Wunused-value -Wno-empty-body -Wno-uninitialized -Wno-unknown-pragmas -Wno-shadow -Wno-four-char-constants -Wno-conversion -Wno-constant-conversion -Wno-int-conversion -Wno-bool-conversion -Wno-enum-conversion -Wno-shorten-64-to-32 -Wpointer-sign -Wno-newline-eof -DCMAKE_INTDIR=\"Debug\" -isysroot /Applications/Xcode.app/Contents/Developer/Platforms/MacOSX.platform/Developer/SDKs/MacOSX10.11.sdk -fasm-blocks -fstrict-aliasing -Wdeprecated-declarations -mmacosx-version-min=10.11 -g -Wno-sign-conversion -I/Users/rickardbergeling/GitHub/Datorgrafik-Visualisering/Assignment02/build/CMakeFiles/CMakeTmp/Debug/include -I/Users/rickardbergeling/GitHub/Datorgrafik-Visualisering/Assignment02/build/CMakeFiles/CMakeTmp/CMAKE_TRY_COMPILE.build/Debug/cmTC_855b1.build/DerivedSources/x86_64 -I/Users/rickardbergeling/GitHub/Datorgrafik-Visualisering/Assignment02/build/CMakeFiles/CMakeTmp/CMAKE_TRY_COMPILE.build/Debug/cmTC_855b1.build/DerivedSources -Wmost -Wno-four-char-constants -Wno-unknown-pragmas -F/Users/rickardbergeling/GitHub/Datorgrafik-Visualisering/Assignment02/build/CMakeFiles/CMakeTmp/Debug -DOpenMP_FLAG_DETECTED -MMD -MT dependencies -MF /Users/rickardbergeling/GitHub/Datorgrafik-Visualisering/Assignment02/build/CMakeFiles/CMakeTmp/CMAKE_TRY_COMPILE.build/Debug/cmTC_855b1.build/Objects-normal/x86_64/src.d --serialize-diagnostics /Users/rickardbergeling/GitHub/Datorgrafik-Visualisering/Assignment02/build/CMakeFiles/CMakeTmp/CMAKE_TRY_COMPILE.build/Debug/cmTC_855b1.build/Objects-normal/x86_64/src.dia -c /Users/rickardbergeling/GitHub/Datorgrafik-Visualisering/Assignment02/build/CMakeFiles/CMakeTmp/src.c -o /Users/rickardbergeling/GitHub/Datorgrafik-Visualisering/Assignment02/build/CMakeFiles/CMakeTmp/CMAKE_TRY_COMPILE.build/Debug/cmTC_855b1.build/Objects-normal/x86_64/src.o
/Users/rickardbergeling/GitHub/Datorgrafik-Visualisering/Assignment02/build/CMakeFiles/CMakeTmp/src.c:2:10: fatal error: 'omp.h' file not found
#include <omp.h>
         ^
1 error generated.

** BUILD FAILED **


The following build commands failed:
	CompileC CMAKE_TRY_COMPILE.build/Debug/cmTC_855b1.build/Objects-normal/x86_64/src.o src.c normal x86_64 c com.apple.compilers.llvm.clang.1_0.compiler
(1 failure)

Source file was:

#include <omp.h>
int main() {
#ifdef _OPENMP
  return 0;
#else
  breaks_on_purpose
#endif
}

Performing C SOURCE FILE Test OpenMP_FLAG_DETECTED failed with the following output:
Change Dir: /Users/rickardbergeling/GitHub/Datorgrafik-Visualisering/Assignment02/build/CMakeFiles/CMakeTmp

Run Build Command:"/usr/bin/xcodebuild" "-project" "CMAKE_TRY_COMPILE.xcodeproj" "build" "-target" "cmTC_8eb1a" "-configuration" "Debug"
=== BUILD TARGET cmTC_8eb1a OF PROJECT CMAKE_TRY_COMPILE WITH CONFIGURATION Debug ===

Check dependencies

Write auxiliary files
/bin/mkdir -p /Users/rickardbergeling/GitHub/Datorgrafik-Visualisering/Assignment02/build/CMakeFiles/CMakeTmp/CMAKE_TRY_COMPILE.build/Debug/cmTC_8eb1a.build/Objects-normal/x86_64
write-file /Users/rickardbergeling/GitHub/Datorgrafik-Visualisering/Assignment02/build/CMakeFiles/CMakeTmp/CMAKE_TRY_COMPILE.build/Debug/cmTC_8eb1a.build/Objects-normal/x86_64/cmTC_8eb1a.LinkFileList

CompileC CMAKE_TRY_COMPILE.build/Debug/cmTC_8eb1a.build/Objects-normal/x86_64/src.o src.c normal x86_64 c com.apple.compilers.llvm.clang.1_0.compiler
    cd /Users/rickardbergeling/GitHub/Datorgrafik-Visualisering/Assignment02/build/CMakeFiles/CMakeTmp
    export LANG=en_US.US-ASCII
    /Applications/Xcode.app/Contents/Developer/Toolchains/XcodeDefault.xctoolchain/usr/bin/clang -x c -arch x86_64 -fmessage-length=0 -fdiagnostics-show-note-include-stack -fmacro-backtrace-limit=0 -Wno-trigraphs -fpascal-strings -O0 -Wno-missing-field-initializers -Wno-missing-prototypes -Wno-return-type -Wno-missing-braces -Wparentheses -Wswitch -Wno-unused-function -Wno-unused-label -Wno-unused-parameter -Wno-unused-variable -Wunused-value -Wno-empty-body -Wno-uninitialized -Wno-unknown-pragmas -Wno-shadow -Wno-four-char-constants -Wno-conversion -Wno-constant-conversion -Wno-int-conversion -Wno-bool-conversion -Wno-enum-conversion -Wno-shorten-64-to-32 -Wpointer-sign -Wno-newline-eof -DCMAKE_INTDIR=\"Debug\" -isysroot /Applications/Xcode.app/Contents/Developer/Platforms/MacOSX.platform/Developer/SDKs/MacOSX10.11.sdk -fasm-blocks -fstrict-aliasing -Wdeprecated-declarations -mmacosx-version-min=10.11 -g -Wno-sign-conversion -I/Users/rickardbergeling/GitHub/Datorgrafik-Visualisering/Assignment02/build/CMakeFiles/CMakeTmp/Debug/include -I/Users/rickardbergeling/GitHub/Datorgrafik-Visualisering/Assignment02/build/CMakeFiles/CMakeTmp/CMAKE_TRY_COMPILE.build/Debug/cmTC_8eb1a.build/DerivedSources/x86_64 -I/Users/rickardbergeling/GitHub/Datorgrafik-Visualisering/Assignment02/build/CMakeFiles/CMakeTmp/CMAKE_TRY_COMPILE.build/Debug/cmTC_8eb1a.build/DerivedSources -Wmost -Wno-four-char-constants -Wno-unknown-pragmas -F/Users/rickardbergeling/GitHub/Datorgrafik-Visualisering/Assignment02/build/CMakeFiles/CMakeTmp/Debug -DOpenMP_FLAG_DETECTED -fopenmp -MMD -MT dependencies -MF /Users/rickardbergeling/GitHub/Datorgrafik-Visualisering/Assignment02/build/CMakeFiles/CMakeTmp/CMAKE_TRY_COMPILE.build/Debug/cmTC_8eb1a.build/Objects-normal/x86_64/src.d --serialize-diagnostics /Users/rickardbergeling/GitHub/Datorgrafik-Visualisering/Assignment02/build/CMakeFiles/CMakeTmp/CMAKE_TRY_COMPILE.build/Debug/cmTC_8eb1a.build/Objects-normal/x86_64/src.dia -c /Users/rickardbergeling/GitHub/Datorgrafik-Visualisering/Assignment02/build/CMakeFiles/CMakeTmp/src.c -o /Users/rickardbergeling/GitHub/Datorgrafik-Visualisering/Assignment02/build/CMakeFiles/CMakeTmp/CMAKE_TRY_COMPILE.build/Debug/cmTC_8eb1a.build/Objects-normal/x86_64/src.o
/Users/rickardbergeling/GitHub/Datorgrafik-Visualisering/Assignment02/build/CMakeFiles/CMakeTmp/src.c:2:10: fatal error: 'omp.h' file not found
#include <omp.h>
         ^
1 error generated.

** BUILD FAILED **


The following build commands failed:
	CompileC CMAKE_TRY_COMPILE.build/Debug/cmTC_8eb1a.build/Objects-normal/x86_64/src.o src.c normal x86_64 c com.apple.compilers.llvm.clang.1_0.compiler
(1 failure)

Source file was:

#include <omp.h>
int main() {
#ifdef _OPENMP
  return 0;
#else
  breaks_on_purpose
#endif
}

Performing C SOURCE FILE Test OpenMP_FLAG_DETECTED failed with the following output:
Change Dir: /Users/rickardbergeling/GitHub/Datorgrafik-Visualisering/Assignment02/build/CMakeFiles/CMakeTmp

Run Build Command:"/usr/bin/xcodebuild" "-project" "CMAKE_TRY_COMPILE.xcodeproj" "build" "-target" "cmTC_62038" "-configuration" "Debug"
=== BUILD TARGET cmTC_62038 OF PROJECT CMAKE_TRY_COMPILE WITH CONFIGURATION Debug ===

Check dependencies

Write auxiliary files
/bin/mkdir -p /Users/rickardbergeling/GitHub/Datorgrafik-Visualisering/Assignment02/build/CMakeFiles/CMakeTmp/CMAKE_TRY_COMPILE.build/Debug/cmTC_62038.build/Objects-normal/x86_64
write-file /Users/rickardbergeling/GitHub/Datorgrafik-Visualisering/Assignment02/build/CMakeFiles/CMakeTmp/CMAKE_TRY_COMPILE.build/Debug/cmTC_62038.build/Objects-normal/x86_64/cmTC_62038.LinkFileList

CompileC CMAKE_TRY_COMPILE.build/Debug/cmTC_62038.build/Objects-normal/x86_64/src.o src.c normal x86_64 c com.apple.compilers.llvm.clang.1_0.compiler
    cd /Users/rickardbergeling/GitHub/Datorgrafik-Visualisering/Assignment02/build/CMakeFiles/CMakeTmp
    export LANG=en_US.US-ASCII
    /Applications/Xcode.app/Contents/Developer/Toolchains/XcodeDefault.xctoolchain/usr/bin/clang -x c -arch x86_64 -fmessage-length=0 -fdiagnostics-show-note-include-stack -fmacro-backtrace-limit=0 -Wno-trigraphs -fpascal-strings -O0 -Wno-missing-field-initializers -Wno-missing-prototypes -Wno-return-type -Wno-missing-braces -Wparentheses -Wswitch -Wno-unused-function -Wno-unused-label -Wno-unused-parameter -Wno-unused-variable -Wunused-value -Wno-empty-body -Wno-uninitialized -Wno-unknown-pragmas -Wno-shadow -Wno-four-char-constants -Wno-conversion -Wno-constant-conversion -Wno-int-conversion -Wno-bool-conversion -Wno-enum-conversion -Wno-shorten-64-to-32 -Wpointer-sign -Wno-newline-eof -DCMAKE_INTDIR=\"Debug\" -isysroot /Applications/Xcode.app/Contents/Developer/Platforms/MacOSX.platform/Developer/SDKs/MacOSX10.11.sdk -fasm-blocks -fstrict-aliasing -Wdeprecated-declarations -mmacosx-version-min=10.11 -g -Wno-sign-conversion -I/Users/rickardbergeling/GitHub/Datorgrafik-Visualisering/Assignment02/build/CMakeFiles/CMakeTmp/Debug/include -I/Users/rickardbergeling/GitHub/Datorgrafik-Visualisering/Assignment02/build/CMakeFiles/CMakeTmp/CMAKE_TRY_COMPILE.build/Debug/cmTC_62038.build/DerivedSources/x86_64 -I/Users/rickardbergeling/GitHub/Datorgrafik-Visualisering/Assignment02/build/CMakeFiles/CMakeTmp/CMAKE_TRY_COMPILE.build/Debug/cmTC_62038.build/DerivedSources -Wmost -Wno-four-char-constants -Wno-unknown-pragmas -F/Users/rickardbergeling/GitHub/Datorgrafik-Visualisering/Assignment02/build/CMakeFiles/CMakeTmp/Debug -DOpenMP_FLAG_DETECTED /openmp -MMD -MT dependencies -MF /Users/rickardbergeling/GitHub/Datorgrafik-Visualisering/Assignment02/build/CMakeFiles/CMakeTmp/CMAKE_TRY_COMPILE.build/Debug/cmTC_62038.build/Objects-normal/x86_64/src.d --serialize-diagnostics /Users/rickardbergeling/GitHub/Datorgrafik-Visualisering/Assignment02/build/CMakeFiles/CMakeTmp/CMAKE_TRY_COMPILE.build/Debug/cmTC_62038.build/Objects-normal/x86_64/src.dia -c /Users/rickardbergeling/GitHub/Datorgrafik-Visualisering/Assignment02/build/CMakeFiles/CMakeTmp/src.c -o /Users/rickardbergeling/GitHub/Datorgrafik-Visualisering/Assignment02/build/CMakeFiles/CMakeTmp/CMAKE_TRY_COMPILE.build/Debug/cmTC_62038.build/Objects-normal/x86_64/src.o
clang: error: no such file or directory: '/openmp'

** BUILD FAILED **


The following build commands failed:
	CompileC CMAKE_TRY_COMPILE.build/Debug/cmTC_62038.build/Objects-normal/x86_64/src.o src.c normal x86_64 c com.apple.compilers.llvm.clang.1_0.compiler
(1 failure)

Source file was:

#include <omp.h>
int main() {
#ifdef _OPENMP
  return 0;
#else
  breaks_on_purpose
#endif
}

Performing C SOURCE FILE Test OpenMP_FLAG_DETECTED failed with the following output:
Change Dir: /Users/rickardbergeling/GitHub/Datorgrafik-Visualisering/Assignment02/build/CMakeFiles/CMakeTmp

Run Build Command:"/usr/bin/xcodebuild" "-project" "CMAKE_TRY_COMPILE.xcodeproj" "build" "-target" "cmTC_d80e3" "-configuration" "Debug"
=== BUILD TARGET cmTC_d80e3 OF PROJECT CMAKE_TRY_COMPILE WITH CONFIGURATION Debug ===

Check dependencies

Write auxiliary files
/bin/mkdir -p /Users/rickardbergeling/GitHub/Datorgrafik-Visualisering/Assignment02/build/CMakeFiles/CMakeTmp/CMAKE_TRY_COMPILE.build/Debug/cmTC_d80e3.build/Objects-normal/x86_64
write-file /Users/rickardbergeling/GitHub/Datorgrafik-Visualisering/Assignment02/build/CMakeFiles/CMakeTmp/CMAKE_TRY_COMPILE.build/Debug/cmTC_d80e3.build/Objects-normal/x86_64/cmTC_d80e3.LinkFileList

CompileC CMAKE_TRY_COMPILE.build/Debug/cmTC_d80e3.build/Objects-normal/x86_64/src.o src.c normal x86_64 c com.apple.compilers.llvm.clang.1_0.compiler
    cd /Users/rickardbergeling/GitHub/Datorgrafik-Visualisering/Assignment02/build/CMakeFiles/CMakeTmp
    export LANG=en_US.US-ASCII
    /Applications/Xcode.app/Contents/Developer/Toolchains/XcodeDefault.xctoolchain/usr/bin/clang -x c -arch x86_64 -fmessage-length=0 -fdiagnostics-show-note-include-stack -fmacro-backtrace-limit=0 -Wno-trigraphs -fpascal-strings -O0 -Wno-missing-field-initializers -Wno-missing-prototypes -Wno-return-type -Wno-missing-braces -Wparentheses -Wswitch -Wno-unused-function -Wno-unused-label -Wno-unused-parameter -Wno-unused-variable -Wunused-value -Wno-empty-body -Wno-uninitialized -Wno-unknown-pragmas -Wno-shadow -Wno-four-char-constants -Wno-conversion -Wno-constant-conversion -Wno-int-conversion -Wno-bool-conversion -Wno-enum-conversion -Wno-shorten-64-to-32 -Wpointer-sign -Wno-newline-eof -DCMAKE_INTDIR=\"Debug\" -isysroot /Applications/Xcode.app/Contents/Developer/Platforms/MacOSX.platform/Developer/SDKs/MacOSX10.11.sdk -fasm-blocks -fstrict-aliasing -Wdeprecated-declarations -mmacosx-version-min=10.11 -g -Wno-sign-conversion -I/Users/rickardbergeling/GitHub/Datorgrafik-Visualisering/Assignment02/build/CMakeFiles/CMakeTmp/Debug/include -I/Users/rickardbergeling/GitHub/Datorgrafik-Visualisering/Assignment02/build/CMakeFiles/CMakeTmp/CMAKE_TRY_COMPILE.build/Debug/cmTC_d80e3.build/DerivedSources/x86_64 -I/Users/rickardbergeling/GitHub/Datorgrafik-Visualisering/Assignment02/build/CMakeFiles/CMakeTmp/CMAKE_TRY_COMPILE.build/Debug/cmTC_d80e3.build/DerivedSources -Wmost -Wno-four-char-constants -Wno-unknown-pragmas -F/Users/rickardbergeling/GitHub/Datorgrafik-Visualisering/Assignment02/build/CMakeFiles/CMakeTmp/Debug -DOpenMP_FLAG_DETECTED -Qopenmp -MMD -MT dependencies -MF /Users/rickardbergeling/GitHub/Datorgrafik-Visualisering/Assignment02/build/CMakeFiles/CMakeTmp/CMAKE_TRY_COMPILE.build/Debug/cmTC_d80e3.build/Objects-normal/x86_64/src.d --serialize-diagnostics /Users/rickardbergeling/GitHub/Datorgrafik-Visualisering/Assignment02/build/CMakeFiles/CMakeTmp/CMAKE_TRY_COMPILE.build/Debug/cmTC_d80e3.build/Objects-normal/x86_64/src.dia -c /Users/rickardbergeling/GitHub/Datorgrafik-Visualisering/Assignment02/build/CMakeFiles/CMakeTmp/src.c -o /Users/rickardbergeling/GitHub/Datorgrafik-Visualisering/Assignment02/build/CMakeFiles/CMakeTmp/CMAKE_TRY_COMPILE.build/Debug/cmTC_d80e3.build/Objects-normal/x86_64/src.o
clang: error: unknown argument: '-Qopenmp'

** BUILD FAILED **


The following build commands failed:
	CompileC CMAKE_TRY_COMPILE.build/Debug/cmTC_d80e3.build/Objects-normal/x86_64/src.o src.c normal x86_64 c com.apple.compilers.llvm.clang.1_0.compiler
(1 failure)

Source file was:

#include <omp.h>
int main() {
#ifdef _OPENMP
  return 0;
#else
  breaks_on_purpose
#endif
}

Performing C SOURCE FILE Test OpenMP_FLAG_DETECTED failed with the following output:
Change Dir: /Users/rickardbergeling/GitHub/Datorgrafik-Visualisering/Assignment02/build/CMakeFiles/CMakeTmp

Run Build Command:"/usr/bin/xcodebuild" "-project" "CMAKE_TRY_COMPILE.xcodeproj" "build" "-target" "cmTC_096d9" "-configuration" "Debug"
=== BUILD TARGET cmTC_096d9 OF PROJECT CMAKE_TRY_COMPILE WITH CONFIGURATION Debug ===

Check dependencies

Write auxiliary files
/bin/mkdir -p /Users/rickardbergeling/GitHub/Datorgrafik-Visualisering/Assignment02/build/CMakeFiles/CMakeTmp/CMAKE_TRY_COMPILE.build/Debug/cmTC_096d9.build/Objects-normal/x86_64
write-file /Users/rickardbergeling/GitHub/Datorgrafik-Visualisering/Assignment02/build/CMakeFiles/CMakeTmp/CMAKE_TRY_COMPILE.build/Debug/cmTC_096d9.build/Objects-normal/x86_64/cmTC_096d9.LinkFileList

CompileC CMAKE_TRY_COMPILE.build/Debug/cmTC_096d9.build/Objects-normal/x86_64/src.o src.c normal x86_64 c com.apple.compilers.llvm.clang.1_0.compiler
    cd /Users/rickardbergeling/GitHub/Datorgrafik-Visualisering/Assignment02/build/CMakeFiles/CMakeTmp
    export LANG=en_US.US-ASCII
    /Applications/Xcode.app/Contents/Developer/Toolchains/XcodeDefault.xctoolchain/usr/bin/clang -x c -arch x86_64 -fmessage-length=0 -fdiagnostics-show-note-include-stack -fmacro-backtrace-limit=0 -Wno-trigraphs -fpascal-strings -O0 -Wno-missing-field-initializers -Wno-missing-prototypes -Wno-return-type -Wno-missing-braces -Wparentheses -Wswitch -Wno-unused-function -Wno-unused-label -Wno-unused-parameter -Wno-unused-variable -Wunused-value -Wno-empty-body -Wno-uninitialized -Wno-unknown-pragmas -Wno-shadow -Wno-four-char-constants -Wno-conversion -Wno-constant-conversion -Wno-int-conversion -Wno-bool-conversion -Wno-enum-conversion -Wno-shorten-64-to-32 -Wpointer-sign -Wno-newline-eof -DCMAKE_INTDIR=\"Debug\" -isysroot /Applications/Xcode.app/Contents/Developer/Platforms/MacOSX.platform/Developer/SDKs/MacOSX10.11.sdk -fasm-blocks -fstrict-aliasing -Wdeprecated-declarations -mmacosx-version-min=10.11 -g -Wno-sign-conversion -I/Users/rickardbergeling/GitHub/Datorgrafik-Visualisering/Assignment02/build/CMakeFiles/CMakeTmp/Debug/include -I/Users/rickardbergeling/GitHub/Datorgrafik-Visualisering/Assignment02/build/CMakeFiles/CMakeTmp/CMAKE_TRY_COMPILE.build/Debug/cmTC_096d9.build/DerivedSources/x86_64 -I/Users/rickardbergeling/GitHub/Datorgrafik-Visualisering/Assignment02/build/CMakeFiles/CMakeTmp/CMAKE_TRY_COMPILE.build/Debug/cmTC_096d9.build/DerivedSources -Wmost -Wno-four-char-constants -Wno-unknown-pragmas -F/Users/rickardbergeling/GitHub/Datorgrafik-Visualisering/Assignment02/build/CMakeFiles/CMakeTmp/Debug -DOpenMP_FLAG_DETECTED -openmp -MMD -MT dependencies -MF /Users/rickardbergeling/GitHub/Datorgrafik-Visualisering/Assignment02/build/CMakeFiles/CMakeTmp/CMAKE_TRY_COMPILE.build/Debug/cmTC_096d9.build/Objects-normal/x86_64/src.d --serialize-diagnostics /Users/rickardbergeling/GitHub/Datorgrafik-Visualisering/Assignment02/build/CMakeFiles/CMakeTmp/CMAKE_TRY_COMPILE.build/Debug/cmTC_096d9.build/Objects-normal/x86_64/src.dia -c /Users/rickardbergeling/GitHub/Datorgrafik-Visualisering/Assignment02/build/CMakeFiles/CMakeTmp/src.c -o /Users/rickardbergeling/GitHub/Datorgrafik-Visualisering/Assignment02/build/CMakeFiles/CMakeTmp/CMAKE_TRY_COMPILE.build/Debug/cmTC_096d9.build/Objects-normal/x86_64/src.o
/Users/rickardbergeling/GitHub/Datorgrafik-Visualisering/Assignment02/build/CMakeFiles/CMakeTmp/src.c:2:10: fatal error: 'omp.h' file not found
#include <omp.h>
         ^
1 error generated.

** BUILD FAILED **


The following build commands failed:
	CompileC CMAKE_TRY_COMPILE.build/Debug/cmTC_096d9.build/Objects-normal/x86_64/src.o src.c normal x86_64 c com.apple.compilers.llvm.clang.1_0.compiler
(1 failure)

Source file was:

#include <omp.h>
int main() {
#ifdef _OPENMP
  return 0;
#else
  breaks_on_purpose
#endif
}

Performing C SOURCE FILE Test OpenMP_FLAG_DETECTED failed with the following output:
Change Dir: /Users/rickardbergeling/GitHub/Datorgrafik-Visualisering/Assignment02/build/CMakeFiles/CMakeTmp

Run Build Command:"/usr/bin/xcodebuild" "-project" "CMAKE_TRY_COMPILE.xcodeproj" "build" "-target" "cmTC_2a6a6" "-configuration" "Debug"
=== BUILD TARGET cmTC_2a6a6 OF PROJECT CMAKE_TRY_COMPILE WITH CONFIGURATION Debug ===

Check dependencies

Write auxiliary files
/bin/mkdir -p /Users/rickardbergeling/GitHub/Datorgrafik-Visualisering/Assignment02/build/CMakeFiles/CMakeTmp/CMAKE_TRY_COMPILE.build/Debug/cmTC_2a6a6.build/Objects-normal/x86_64
write-file /Users/rickardbergeling/GitHub/Datorgrafik-Visualisering/Assignment02/build/CMakeFiles/CMakeTmp/CMAKE_TRY_COMPILE.build/Debug/cmTC_2a6a6.build/Objects-normal/x86_64/cmTC_2a6a6.LinkFileList

CompileC CMAKE_TRY_COMPILE.build/Debug/cmTC_2a6a6.build/Objects-normal/x86_64/src.o src.c normal x86_64 c com.apple.compilers.llvm.clang.1_0.compiler
    cd /Users/rickardbergeling/GitHub/Datorgrafik-Visualisering/Assignment02/build/CMakeFiles/CMakeTmp
    export LANG=en_US.US-ASCII
    /Applications/Xcode.app/Contents/Developer/Toolchains/XcodeDefault.xctoolchain/usr/bin/clang -x c -arch x86_64 -fmessage-length=0 -fdiagnostics-show-note-include-stack -fmacro-backtrace-limit=0 -Wno-trigraphs -fpascal-strings -O0 -Wno-missing-field-initializers -Wno-missing-prototypes -Wno-return-type -Wno-missing-braces -Wparentheses -Wswitch -Wno-unused-function -Wno-unused-label -Wno-unused-parameter -Wno-unused-variable -Wunused-value -Wno-empty-body -Wno-uninitialized -Wno-unknown-pragmas -Wno-shadow -Wno-four-char-constants -Wno-conversion -Wno-constant-conversion -Wno-int-conversion -Wno-bool-conversion -Wno-enum-conversion -Wno-shorten-64-to-32 -Wpointer-sign -Wno-newline-eof -DCMAKE_INTDIR=\"Debug\" -isysroot /Applications/Xcode.app/Contents/Developer/Platforms/MacOSX.platform/Developer/SDKs/MacOSX10.11.sdk -fasm-blocks -fstrict-aliasing -Wdeprecated-declarations -mmacosx-version-min=10.11 -g -Wno-sign-conversion -I/Users/rickardbergeling/GitHub/Datorgrafik-Visualisering/Assignment02/build/CMakeFiles/CMakeTmp/Debug/include -I/Users/rickardbergeling/GitHub/Datorgrafik-Visualisering/Assignment02/build/CMakeFiles/CMakeTmp/CMAKE_TRY_COMPILE.build/Debug/cmTC_2a6a6.build/DerivedSources/x86_64 -I/Users/rickardbergeling/GitHub/Datorgrafik-Visualisering/Assignment02/build/CMakeFiles/CMakeTmp/CMAKE_TRY_COMPILE.build/Debug/cmTC_2a6a6.build/DerivedSources -Wmost -Wno-four-char-constants -Wno-unknown-pragmas -F/Users/rickardbergeling/GitHub/Datorgrafik-Visualisering/Assignment02/build/CMakeFiles/CMakeTmp/Debug -DOpenMP_FLAG_DETECTED -xopenmp -MMD -MT dependencies -MF /Users/rickardbergeling/GitHub/Datorgrafik-Visualisering/Assignment02/build/CMakeFiles/CMakeTmp/CMAKE_TRY_COMPILE.build/Debug/cmTC_2a6a6.build/Objects-normal/x86_64/src.d --serialize-diagnostics /Users/rickardbergeling/GitHub/Datorgrafik-Visualisering/Assignment02/build/CMakeFiles/CMakeTmp/CMAKE_TRY_COMPILE.build/Debug/cmTC_2a6a6.build/Objects-normal/x86_64/src.dia -c /Users/rickardbergeling/GitHub/Datorgrafik-Visualisering/Assignment02/build/CMakeFiles/CMakeTmp/src.c -o /Users/rickardbergeling/GitHub/Datorgrafik-Visualisering/Assignment02/build/CMakeFiles/CMakeTmp/CMAKE_TRY_COMPILE.build/Debug/cmTC_2a6a6.build/Objects-normal/x86_64/src.o
clang: error: language not recognized: 'openmp'
clang: warning: /Users/rickardbergeling/GitHub/Datorgrafik-Visualisering/Assignment02/build/CMakeFiles/CMakeTmp/src.c: 'linker' input unused

** BUILD FAILED **


The following build commands failed:
	CompileC CMAKE_TRY_COMPILE.build/Debug/cmTC_2a6a6.build/Objects-normal/x86_64/src.o src.c normal x86_64 c com.apple.compilers.llvm.clang.1_0.compiler
(1 failure)

Source file was:

#include <omp.h>
int main() {
#ifdef _OPENMP
  return 0;
#else
  breaks_on_purpose
#endif
}

Performing C SOURCE FILE Test OpenMP_FLAG_DETECTED failed with the following output:
Change Dir: /Users/rickardbergeling/GitHub/Datorgrafik-Visualisering/Assignment02/build/CMakeFiles/CMakeTmp

Run Build Command:"/usr/bin/xcodebuild" "-project" "CMAKE_TRY_COMPILE.xcodeproj" "build" "-target" "cmTC_72bba" "-configuration" "Debug"
=== BUILD TARGET cmTC_72bba OF PROJECT CMAKE_TRY_COMPILE WITH CONFIGURATION Debug ===

Check dependencies

Write auxiliary files
/bin/mkdir -p /Users/rickardbergeling/GitHub/Datorgrafik-Visualisering/Assignment02/build/CMakeFiles/CMakeTmp/CMAKE_TRY_COMPILE.build/Debug/cmTC_72bba.build/Objects-normal/x86_64
write-file /Users/rickardbergeling/GitHub/Datorgrafik-Visualisering/Assignment02/build/CMakeFiles/CMakeTmp/CMAKE_TRY_COMPILE.build/Debug/cmTC_72bba.build/Objects-normal/x86_64/cmTC_72bba.LinkFileList

CompileC CMAKE_TRY_COMPILE.build/Debug/cmTC_72bba.build/Objects-normal/x86_64/src.o src.c normal x86_64 c com.apple.compilers.llvm.clang.1_0.compiler
    cd /Users/rickardbergeling/GitHub/Datorgrafik-Visualisering/Assignment02/build/CMakeFiles/CMakeTmp
    export LANG=en_US.US-ASCII
    /Applications/Xcode.app/Contents/Developer/Toolchains/XcodeDefault.xctoolchain/usr/bin/clang -x c -arch x86_64 -fmessage-length=0 -fdiagnostics-show-note-include-stack -fmacro-backtrace-limit=0 -Wno-trigraphs -fpascal-strings -O0 -Wno-missing-field-initializers -Wno-missing-prototypes -Wno-return-type -Wno-missing-braces -Wparentheses -Wswitch -Wno-unused-function -Wno-unused-label -Wno-unused-parameter -Wno-unused-variable -Wunused-value -Wno-empty-body -Wno-uninitialized -Wno-unknown-pragmas -Wno-shadow -Wno-four-char-constants -Wno-conversion -Wno-constant-conversion -Wno-int-conversion -Wno-bool-conversion -Wno-enum-conversion -Wno-shorten-64-to-32 -Wpointer-sign -Wno-newline-eof -DCMAKE_INTDIR=\"Debug\" -isysroot /Applications/Xcode.app/Contents/Developer/Platforms/MacOSX.platform/Developer/SDKs/MacOSX10.11.sdk -fasm-blocks -fstrict-aliasing -Wdeprecated-declarations -mmacosx-version-min=10.11 -g -Wno-sign-conversion -I/Users/rickardbergeling/GitHub/Datorgrafik-Visualisering/Assignment02/build/CMakeFiles/CMakeTmp/Debug/include -I/Users/rickardbergeling/GitHub/Datorgrafik-Visualisering/Assignment02/build/CMakeFiles/CMakeTmp/CMAKE_TRY_COMPILE.build/Debug/cmTC_72bba.build/DerivedSources/x86_64 -I/Users/rickardbergeling/GitHub/Datorgrafik-Visualisering/Assignment02/build/CMakeFiles/CMakeTmp/CMAKE_TRY_COMPILE.build/Debug/cmTC_72bba.build/DerivedSources -Wmost -Wno-four-char-constants -Wno-unknown-pragmas -F/Users/rickardbergeling/GitHub/Datorgrafik-Visualisering/Assignment02/build/CMakeFiles/CMakeTmp/Debug -DOpenMP_FLAG_DETECTED +Oopenmp -MMD -MT dependencies -MF /Users/rickardbergeling/GitHub/Datorgrafik-Visualisering/Assignment02/build/CMakeFiles/CMakeTmp/CMAKE_TRY_COMPILE.build/Debug/cmTC_72bba.build/Objects-normal/x86_64/src.d --serialize-diagnostics /Users/rickardbergeling/GitHub/Datorgrafik-Visualisering/Assignment02/build/CMakeFiles/CMakeTmp/CMAKE_TRY_COMPILE.build/Debug/cmTC_72bba.build/Objects-normal/x86_64/src.dia -c /Users/rickardbergeling/GitHub/Datorgrafik-Visualisering/Assignment02/build/CMakeFiles/CMakeTmp/src.c -o /Users/rickardbergeling/GitHub/Datorgrafik-Visualisering/Assignment02/build/CMakeFiles/CMakeTmp/CMAKE_TRY_COMPILE.build/Debug/cmTC_72bba.build/Objects-normal/x86_64/src.o
clang: error: no such file or directory: '+Oopenmp'

** BUILD FAILED **


The following build commands failed:
	CompileC CMAKE_TRY_COMPILE.build/Debug/cmTC_72bba.build/Objects-normal/x86_64/src.o src.c normal x86_64 c com.apple.compilers.llvm.clang.1_0.compiler
(1 failure)

Source file was:

#include <omp.h>
int main() {
#ifdef _OPENMP
  return 0;
#else
  breaks_on_purpose
#endif
}

Performing C SOURCE FILE Test OpenMP_FLAG_DETECTED failed with the following output:
Change Dir: /Users/rickardbergeling/GitHub/Datorgrafik-Visualisering/Assignment02/build/CMakeFiles/CMakeTmp

Run Build Command:"/usr/bin/xcodebuild" "-project" "CMAKE_TRY_COMPILE.xcodeproj" "build" "-target" "cmTC_951d0" "-configuration" "Debug"
=== BUILD TARGET cmTC_951d0 OF PROJECT CMAKE_TRY_COMPILE WITH CONFIGURATION Debug ===

Check dependencies

Write auxiliary files
/bin/mkdir -p /Users/rickardbergeling/GitHub/Datorgrafik-Visualisering/Assignment02/build/CMakeFiles/CMakeTmp/CMAKE_TRY_COMPILE.build/Debug/cmTC_951d0.build/Objects-normal/x86_64
write-file /Users/rickardbergeling/GitHub/Datorgrafik-Visualisering/Assignment02/build/CMakeFiles/CMakeTmp/CMAKE_TRY_COMPILE.build/Debug/cmTC_951d0.build/Objects-normal/x86_64/cmTC_951d0.LinkFileList

CompileC CMAKE_TRY_COMPILE.build/Debug/cmTC_951d0.build/Objects-normal/x86_64/src.o src.c normal x86_64 c com.apple.compilers.llvm.clang.1_0.compiler
    cd /Users/rickardbergeling/GitHub/Datorgrafik-Visualisering/Assignment02/build/CMakeFiles/CMakeTmp
    export LANG=en_US.US-ASCII
    /Applications/Xcode.app/Contents/Developer/Toolchains/XcodeDefault.xctoolchain/usr/bin/clang -x c -arch x86_64 -fmessage-length=0 -fdiagnostics-show-note-include-stack -fmacro-backtrace-limit=0 -Wno-trigraphs -fpascal-strings -O0 -Wno-missing-field-initializers -Wno-missing-prototypes -Wno-return-type -Wno-missing-braces -Wparentheses -Wswitch -Wno-unused-function -Wno-unused-label -Wno-unused-parameter -Wno-unused-variable -Wunused-value -Wno-empty-body -Wno-uninitialized -Wno-unknown-pragmas -Wno-shadow -Wno-four-char-constants -Wno-conversion -Wno-constant-conversion -Wno-int-conversion -Wno-bool-conversion -Wno-enum-conversion -Wno-shorten-64-to-32 -Wpointer-sign -Wno-newline-eof -DCMAKE_INTDIR=\"Debug\" -isysroot /Applications/Xcode.app/Contents/Developer/Platforms/MacOSX.platform/Developer/SDKs/MacOSX10.11.sdk -fasm-blocks -fstrict-aliasing -Wdeprecated-declarations -mmacosx-version-min=10.11 -g -Wno-sign-conversion -I/Users/rickardbergeling/GitHub/Datorgrafik-Visualisering/Assignment02/build/CMakeFiles/CMakeTmp/Debug/include -I/Users/rickardbergeling/GitHub/Datorgrafik-Visualisering/Assignment02/build/CMakeFiles/CMakeTmp/CMAKE_TRY_COMPILE.build/Debug/cmTC_951d0.build/DerivedSources/x86_64 -I/Users/rickardbergeling/GitHub/Datorgrafik-Visualisering/Assignment02/build/CMakeFiles/CMakeTmp/CMAKE_TRY_COMPILE.build/Debug/cmTC_951d0.build/DerivedSources -Wmost -Wno-four-char-constants -Wno-unknown-pragmas -F/Users/rickardbergeling/GitHub/Datorgrafik-Visualisering/Assignment02/build/CMakeFiles/CMakeTmp/Debug -DOpenMP_FLAG_DETECTED -qsmp -MMD -MT dependencies -MF /Users/rickardbergeling/GitHub/Datorgrafik-Visualisering/Assignment02/build/CMakeFiles/CMakeTmp/CMAKE_TRY_COMPILE.build/Debug/cmTC_951d0.build/Objects-normal/x86_64/src.d --serialize-diagnostics /Users/rickardbergeling/GitHub/Datorgrafik-Visualisering/Assignment02/build/CMakeFiles/CMakeTmp/CMAKE_TRY_COMPILE.build/Debug/cmTC_951d0.build/Objects-normal/x86_64/src.dia -c /Users/rickardbergeling/GitHub/Datorgrafik-Visualisering/Assignment02/build/CMakeFiles/CMakeTmp/src.c -o /Users/rickardbergeling/GitHub/Datorgrafik-Visualisering/Assignment02/build/CMakeFiles/CMakeTmp/CMAKE_TRY_COMPILE.build/Debug/cmTC_951d0.build/Objects-normal/x86_64/src.o
clang: error: unknown argument: '-qsmp'

** BUILD FAILED **


The following build commands failed:
	CompileC CMAKE_TRY_COMPILE.build/Debug/cmTC_951d0.build/Objects-normal/x86_64/src.o src.c normal x86_64 c com.apple.compilers.llvm.clang.1_0.compiler
(1 failure)

Source file was:

#include <omp.h>
int main() {
#ifdef _OPENMP
  return 0;
#else
  breaks_on_purpose
#endif
}

Performing C SOURCE FILE Test OpenMP_FLAG_DETECTED failed with the following output:
Change Dir: /Users/rickardbergeling/GitHub/Datorgrafik-Visualisering/Assignment02/build/CMakeFiles/CMakeTmp

Run Build Command:"/usr/bin/xcodebuild" "-project" "CMAKE_TRY_COMPILE.xcodeproj" "build" "-target" "cmTC_d91f9" "-configuration" "Debug"
=== BUILD TARGET cmTC_d91f9 OF PROJECT CMAKE_TRY_COMPILE WITH CONFIGURATION Debug ===

Check dependencies

Write auxiliary files
/bin/mkdir -p /Users/rickardbergeling/GitHub/Datorgrafik-Visualisering/Assignment02/build/CMakeFiles/CMakeTmp/CMAKE_TRY_COMPILE.build/Debug/cmTC_d91f9.build/Objects-normal/x86_64
write-file /Users/rickardbergeling/GitHub/Datorgrafik-Visualisering/Assignment02/build/CMakeFiles/CMakeTmp/CMAKE_TRY_COMPILE.build/Debug/cmTC_d91f9.build/Objects-normal/x86_64/cmTC_d91f9.LinkFileList

CompileC CMAKE_TRY_COMPILE.build/Debug/cmTC_d91f9.build/Objects-normal/x86_64/src.o src.c normal x86_64 c com.apple.compilers.llvm.clang.1_0.compiler
    cd /Users/rickardbergeling/GitHub/Datorgrafik-Visualisering/Assignment02/build/CMakeFiles/CMakeTmp
    export LANG=en_US.US-ASCII
    /Applications/Xcode.app/Contents/Developer/Toolchains/XcodeDefault.xctoolchain/usr/bin/clang -x c -arch x86_64 -fmessage-length=0 -fdiagnostics-show-note-include-stack -fmacro-backtrace-limit=0 -Wno-trigraphs -fpascal-strings -O0 -Wno-missing-field-initializers -Wno-missing-prototypes -Wno-return-type -Wno-missing-braces -Wparentheses -Wswitch -Wno-unused-function -Wno-unused-label -Wno-unused-parameter -Wno-unused-variable -Wunused-value -Wno-empty-body -Wno-uninitialized -Wno-unknown-pragmas -Wno-shadow -Wno-four-char-constants -Wno-conversion -Wno-constant-conversion -Wno-int-conversion -Wno-bool-conversion -Wno-enum-conversion -Wno-shorten-64-to-32 -Wpointer-sign -Wno-newline-eof -DCMAKE_INTDIR=\"Debug\" -isysroot /Applications/Xcode.app/Contents/Developer/Platforms/MacOSX.platform/Developer/SDKs/MacOSX10.11.sdk -fasm-blocks -fstrict-aliasing -Wdeprecated-declarations -mmacosx-version-min=10.11 -g -Wno-sign-conversion -I/Users/rickardbergeling/GitHub/Datorgrafik-Visualisering/Assignment02/build/CMakeFiles/CMakeTmp/Debug/include -I/Users/rickardbergeling/GitHub/Datorgrafik-Visualisering/Assignment02/build/CMakeFiles/CMakeTmp/CMAKE_TRY_COMPILE.build/Debug/cmTC_d91f9.build/DerivedSources/x86_64 -I/Users/rickardbergeling/GitHub/Datorgrafik-Visualisering/Assignment02/build/CMakeFiles/CMakeTmp/CMAKE_TRY_COMPILE.build/Debug/cmTC_d91f9.build/DerivedSources -Wmost -Wno-four-char-constants -Wno-unknown-pragmas -F/Users/rickardbergeling/GitHub/Datorgrafik-Visualisering/Assignment02/build/CMakeFiles/CMakeTmp/Debug -DOpenMP_FLAG_DETECTED -mp -MMD -MT dependencies -MF /Users/rickardbergeling/GitHub/Datorgrafik-Visualisering/Assignment02/build/CMakeFiles/CMakeTmp/CMAKE_TRY_COMPILE.build/Debug/cmTC_d91f9.build/Objects-normal/x86_64/src.d --serialize-diagnostics /Users/rickardbergeling/GitHub/Datorgrafik-Visualisering/Assignment02/build/CMakeFiles/CMakeTmp/CMAKE_TRY_COMPILE.build/Debug/cmTC_d91f9.build/Objects-normal/x86_64/src.dia -c /Users/rickardbergeling/GitHub/Datorgrafik-Visualisering/Assignment02/build/CMakeFiles/CMakeTmp/src.c -o /Users/rickardbergeling/GitHub/Datorgrafik-Visualisering/Assignment02/build/CMakeFiles/CMakeTmp/CMAKE_TRY_COMPILE.build/Debug/cmTC_d91f9.build/Objects-normal/x86_64/src.o
clang: error: unknown argument: '-mp'

** BUILD FAILED **


The following build commands failed:
	CompileC CMAKE_TRY_COMPILE.build/Debug/cmTC_d91f9.build/Objects-normal/x86_64/src.o src.c normal x86_64 c com.apple.compilers.llvm.clang.1_0.compiler
(1 failure)

Source file was:

#include <omp.h>
int main() {
#ifdef _OPENMP
  return 0;
#else
  breaks_on_purpose
#endif
}

Performing C++ SOURCE FILE Test OpenMP_FLAG_DETECTED failed with the following output:
Change Dir: /Users/rickardbergeling/GitHub/Datorgrafik-Visualisering/Assignment02/build/CMakeFiles/CMakeTmp

Run Build Command:"/usr/bin/xcodebuild" "-project" "CMAKE_TRY_COMPILE.xcodeproj" "build" "-target" "cmTC_52491" "-configuration" "Debug"
=== BUILD TARGET cmTC_52491 OF PROJECT CMAKE_TRY_COMPILE WITH CONFIGURATION Debug ===

Check dependencies

Write auxiliary files
/bin/mkdir -p /Users/rickardbergeling/GitHub/Datorgrafik-Visualisering/Assignment02/build/CMakeFiles/CMakeTmp/CMAKE_TRY_COMPILE.build/Debug/cmTC_52491.build/Objects-normal/x86_64
write-file /Users/rickardbergeling/GitHub/Datorgrafik-Visualisering/Assignment02/build/CMakeFiles/CMakeTmp/CMAKE_TRY_COMPILE.build/Debug/cmTC_52491.build/Objects-normal/x86_64/cmTC_52491.LinkFileList

CompileC CMAKE_TRY_COMPILE.build/Debug/cmTC_52491.build/Objects-normal/x86_64/src.o src.cxx normal x86_64 c++ com.apple.compilers.llvm.clang.1_0.compiler
    cd /Users/rickardbergeling/GitHub/Datorgrafik-Visualisering/Assignment02/build/CMakeFiles/CMakeTmp
    export LANG=en_US.US-ASCII
    /Applications/Xcode.app/Contents/Developer/Toolchains/XcodeDefault.xctoolchain/usr/bin/clang -x c++ -arch x86_64 -fmessage-length=0 -fdiagnostics-show-note-include-stack -fmacro-backtrace-limit=0 -Wno-trigraphs -fpascal-strings -O0 -Wno-missing-field-initializers -Wno-missing-prototypes -Wno-return-type -Wno-non-virtual-dtor -Wno-overloaded-virtual -Wno-exit-time-destructors -Wno-missing-braces -Wparentheses -Wswitch -Wno-unused-function -Wno-unused-label -Wno-unused-parameter -Wno-unused-variable -Wunused-value -Wno-empty-body -Wno-uninitialized -Wno-unknown-pragmas -Wno-shadow -Wno-four-char-constants -Wno-conversion -Wno-constant-conversion -Wno-int-conversion -Wno-bool-conversion -Wno-enum-conversion -Wno-shorten-64-to-32 -Wno-newline-eof -Wno-c++11-extensions -DCMAKE_INTDIR=\"Debug\" -isysroot /Applications/Xcode.app/Contents/Developer/Platforms/MacOSX.platform/Developer/SDKs/MacOSX10.11.sdk -fasm-blocks -fstrict-aliasing -Wdeprecated-declarations -Winvalid-offsetof -mmacosx-version-min=10.11 -g -Wno-sign-conversion -I/Users/rickardbergeling/GitHub/Datorgrafik-Visualisering/Assignment02/build/CMakeFiles/CMakeTmp/Debug/include -I/Users/rickardbergeling/GitHub/Datorgrafik-Visualisering/Assignment02/build/CMakeFiles/CMakeTmp/CMAKE_TRY_COMPILE.build/Debug/cmTC_52491.build/DerivedSources/x86_64 -I/Users/rickardbergeling/GitHub/Datorgrafik-Visualisering/Assignment02/build/CMakeFiles/CMakeTmp/CMAKE_TRY_COMPILE.build/Debug/cmTC_52491.build/DerivedSources -Wmost -Wno-four-char-constants -Wno-unknown-pragmas -F/Users/rickardbergeling/GitHub/Datorgrafik-Visualisering/Assignment02/build/CMakeFiles/CMakeTmp/Debug -DOpenMP_FLAG_DETECTED -MMD -MT dependencies -MF /Users/rickardbergeling/GitHub/Datorgrafik-Visualisering/Assignment02/build/CMakeFiles/CMakeTmp/CMAKE_TRY_COMPILE.build/Debug/cmTC_52491.build/Objects-normal/x86_64/src.d --serialize-diagnostics /Users/rickardbergeling/GitHub/Datorgrafik-Visualisering/Assignment02/build/CMakeFiles/CMakeTmp/CMAKE_TRY_COMPILE.build/Debug/cmTC_52491.build/Objects-normal/x86_64/src.dia -c /Users/rickardbergeling/GitHub/Datorgrafik-Visualisering/Assignment02/build/CMakeFiles/CMakeTmp/src.cxx -o /Users/rickardbergeling/GitHub/Datorgrafik-Visualisering/Assignment02/build/CMakeFiles/CMakeTmp/CMAKE_TRY_COMPILE.build/Debug/cmTC_52491.build/Objects-normal/x86_64/src.o
/Users/rickardbergeling/GitHub/Datorgrafik-Visualisering/Assignment02/build/CMakeFiles/CMakeTmp/src.cxx:2:10: fatal error: 'omp.h' file not found
#include <omp.h>
         ^
1 error generated.

** BUILD FAILED **


The following build commands failed:
	CompileC CMAKE_TRY_COMPILE.build/Debug/cmTC_52491.build/Objects-normal/x86_64/src.o src.cxx normal x86_64 c++ com.apple.compilers.llvm.clang.1_0.compiler
(1 failure)

Source file was:

#include <omp.h>
int main() {
#ifdef _OPENMP
  return 0;
#else
  breaks_on_purpose
#endif
}

Performing C++ SOURCE FILE Test OpenMP_FLAG_DETECTED failed with the following output:
Change Dir: /Users/rickardbergeling/GitHub/Datorgrafik-Visualisering/Assignment02/build/CMakeFiles/CMakeTmp

Run Build Command:"/usr/bin/xcodebuild" "-project" "CMAKE_TRY_COMPILE.xcodeproj" "build" "-target" "cmTC_53151" "-configuration" "Debug"
=== BUILD TARGET cmTC_53151 OF PROJECT CMAKE_TRY_COMPILE WITH CONFIGURATION Debug ===

Check dependencies

Write auxiliary files
/bin/mkdir -p /Users/rickardbergeling/GitHub/Datorgrafik-Visualisering/Assignment02/build/CMakeFiles/CMakeTmp/CMAKE_TRY_COMPILE.build/Debug/cmTC_53151.build/Objects-normal/x86_64
write-file /Users/rickardbergeling/GitHub/Datorgrafik-Visualisering/Assignment02/build/CMakeFiles/CMakeTmp/CMAKE_TRY_COMPILE.build/Debug/cmTC_53151.build/Objects-normal/x86_64/cmTC_53151.LinkFileList

CompileC CMAKE_TRY_COMPILE.build/Debug/cmTC_53151.build/Objects-normal/x86_64/src.o src.cxx normal x86_64 c++ com.apple.compilers.llvm.clang.1_0.compiler
    cd /Users/rickardbergeling/GitHub/Datorgrafik-Visualisering/Assignment02/build/CMakeFiles/CMakeTmp
    export LANG=en_US.US-ASCII
    /Applications/Xcode.app/Contents/Developer/Toolchains/XcodeDefault.xctoolchain/usr/bin/clang -x c++ -arch x86_64 -fmessage-length=0 -fdiagnostics-show-note-include-stack -fmacro-backtrace-limit=0 -Wno-trigraphs -fpascal-strings -O0 -Wno-missing-field-initializers -Wno-missing-prototypes -Wno-return-type -Wno-non-virtual-dtor -Wno-overloaded-virtual -Wno-exit-time-destructors -Wno-missing-braces -Wparentheses -Wswitch -Wno-unused-function -Wno-unused-label -Wno-unused-parameter -Wno-unused-variable -Wunused-value -Wno-empty-body -Wno-uninitialized -Wno-unknown-pragmas -Wno-shadow -Wno-four-char-constants -Wno-conversion -Wno-constant-conversion -Wno-int-conversion -Wno-bool-conversion -Wno-enum-conversion -Wno-shorten-64-to-32 -Wno-newline-eof -Wno-c++11-extensions -DCMAKE_INTDIR=\"Debug\" -isysroot /Applications/Xcode.app/Contents/Developer/Platforms/MacOSX.platform/Developer/SDKs/MacOSX10.11.sdk -fasm-blocks -fstrict-aliasing -Wdeprecated-declarations -Winvalid-offsetof -mmacosx-version-min=10.11 -g -Wno-sign-conversion -I/Users/rickardbergeling/GitHub/Datorgrafik-Visualisering/Assignment02/build/CMakeFiles/CMakeTmp/Debug/include -I/Users/rickardbergeling/GitHub/Datorgrafik-Visualisering/Assignment02/build/CMakeFiles/CMakeTmp/CMAKE_TRY_COMPILE.build/Debug/cmTC_53151.build/DerivedSources/x86_64 -I/Users/rickardbergeling/GitHub/Datorgrafik-Visualisering/Assignment02/build/CMakeFiles/CMakeTmp/CMAKE_TRY_COMPILE.build/Debug/cmTC_53151.build/DerivedSources -Wmost -Wno-four-char-constants -Wno-unknown-pragmas -F/Users/rickardbergeling/GitHub/Datorgrafik-Visualisering/Assignment02/build/CMakeFiles/CMakeTmp/Debug -DOpenMP_FLAG_DETECTED -fopenmp -MMD -MT dependencies -MF /Users/rickardbergeling/GitHub/Datorgrafik-Visualisering/Assignment02/build/CMakeFiles/CMakeTmp/CMAKE_TRY_COMPILE.build/Debug/cmTC_53151.build/Objects-normal/x86_64/src.d --serialize-diagnostics /Users/rickardbergeling/GitHub/Datorgrafik-Visualisering/Assignment02/build/CMakeFiles/CMakeTmp/CMAKE_TRY_COMPILE.build/Debug/cmTC_53151.build/Objects-normal/x86_64/src.dia -c /Users/rickardbergeling/GitHub/Datorgrafik-Visualisering/Assignment02/build/CMakeFiles/CMakeTmp/src.cxx -o /Users/rickardbergeling/GitHub/Datorgrafik-Visualisering/Assignment02/build/CMakeFiles/CMakeTmp/CMAKE_TRY_COMPILE.build/Debug/cmTC_53151.build/Objects-normal/x86_64/src.o
/Users/rickardbergeling/GitHub/Datorgrafik-Visualisering/Assignment02/build/CMakeFiles/CMakeTmp/src.cxx:2:10: fatal error: 'omp.h' file not found
#include <omp.h>
         ^
1 error generated.

** BUILD FAILED **


The following build commands failed:
	CompileC CMAKE_TRY_COMPILE.build/Debug/cmTC_53151.build/Objects-normal/x86_64/src.o src.cxx normal x86_64 c++ com.apple.compilers.llvm.clang.1_0.compiler
(1 failure)

Source file was:

#include <omp.h>
int main() {
#ifdef _OPENMP
  return 0;
#else
  breaks_on_purpose
#endif
}

Performing C++ SOURCE FILE Test OpenMP_FLAG_DETECTED failed with the following output:
Change Dir: /Users/rickardbergeling/GitHub/Datorgrafik-Visualisering/Assignment02/build/CMakeFiles/CMakeTmp

Run Build Command:"/usr/bin/xcodebuild" "-project" "CMAKE_TRY_COMPILE.xcodeproj" "build" "-target" "cmTC_947e0" "-configuration" "Debug"
=== BUILD TARGET cmTC_947e0 OF PROJECT CMAKE_TRY_COMPILE WITH CONFIGURATION Debug ===

Check dependencies

Write auxiliary files
/bin/mkdir -p /Users/rickardbergeling/GitHub/Datorgrafik-Visualisering/Assignment02/build/CMakeFiles/CMakeTmp/CMAKE_TRY_COMPILE.build/Debug/cmTC_947e0.build/Objects-normal/x86_64
write-file /Users/rickardbergeling/GitHub/Datorgrafik-Visualisering/Assignment02/build/CMakeFiles/CMakeTmp/CMAKE_TRY_COMPILE.build/Debug/cmTC_947e0.build/Objects-normal/x86_64/cmTC_947e0.LinkFileList

CompileC CMAKE_TRY_COMPILE.build/Debug/cmTC_947e0.build/Objects-normal/x86_64/src.o src.cxx normal x86_64 c++ com.apple.compilers.llvm.clang.1_0.compiler
    cd /Users/rickardbergeling/GitHub/Datorgrafik-Visualisering/Assignment02/build/CMakeFiles/CMakeTmp
    export LANG=en_US.US-ASCII
    /Applications/Xcode.app/Contents/Developer/Toolchains/XcodeDefault.xctoolchain/usr/bin/clang -x c++ -arch x86_64 -fmessage-length=0 -fdiagnostics-show-note-include-stack -fmacro-backtrace-limit=0 -Wno-trigraphs -fpascal-strings -O0 -Wno-missing-field-initializers -Wno-missing-prototypes -Wno-return-type -Wno-non-virtual-dtor -Wno-overloaded-virtual -Wno-exit-time-destructors -Wno-missing-braces -Wparentheses -Wswitch -Wno-unused-function -Wno-unused-label -Wno-unused-parameter -Wno-unused-variable -Wunused-value -Wno-empty-body -Wno-uninitialized -Wno-unknown-pragmas -Wno-shadow -Wno-four-char-constants -Wno-conversion -Wno-constant-conversion -Wno-int-conversion -Wno-bool-conversion -Wno-enum-conversion -Wno-shorten-64-to-32 -Wno-newline-eof -Wno-c++11-extensions -DCMAKE_INTDIR=\"Debug\" -isysroot /Applications/Xcode.app/Contents/Developer/Platforms/MacOSX.platform/Developer/SDKs/MacOSX10.11.sdk -fasm-blocks -fstrict-aliasing -Wdeprecated-declarations -Winvalid-offsetof -mmacosx-version-min=10.11 -g -Wno-sign-conversion -I/Users/rickardbergeling/GitHub/Datorgrafik-Visualisering/Assignment02/build/CMakeFiles/CMakeTmp/Debug/include -I/Users/rickardbergeling/GitHub/Datorgrafik-Visualisering/Assignment02/build/CMakeFiles/CMakeTmp/CMAKE_TRY_COMPILE.build/Debug/cmTC_947e0.build/DerivedSources/x86_64 -I/Users/rickardbergeling/GitHub/Datorgrafik-Visualisering/Assignment02/build/CMakeFiles/CMakeTmp/CMAKE_TRY_COMPILE.build/Debug/cmTC_947e0.build/DerivedSources -Wmost -Wno-four-char-constants -Wno-unknown-pragmas -F/Users/rickardbergeling/GitHub/Datorgrafik-Visualisering/Assignment02/build/CMakeFiles/CMakeTmp/Debug -DOpenMP_FLAG_DETECTED /openmp -MMD -MT dependencies -MF /Users/rickardbergeling/GitHub/Datorgrafik-Visualisering/Assignment02/build/CMakeFiles/CMakeTmp/CMAKE_TRY_COMPILE.build/Debug/cmTC_947e0.build/Objects-normal/x86_64/src.d --serialize-diagnostics /Users/rickardbergeling/GitHub/Datorgrafik-Visualisering/Assignment02/build/CMakeFiles/CMakeTmp/CMAKE_TRY_COMPILE.build/Debug/cmTC_947e0.build/Objects-normal/x86_64/src.dia -c /Users/rickardbergeling/GitHub/Datorgrafik-Visualisering/Assignment02/build/CMakeFiles/CMakeTmp/src.cxx -o /Users/rickardbergeling/GitHub/Datorgrafik-Visualisering/Assignment02/build/CMakeFiles/CMakeTmp/CMAKE_TRY_COMPILE.build/Debug/cmTC_947e0.build/Objects-normal/x86_64/src.o
clang: error: no such file or directory: '/openmp'

** BUILD FAILED **


The following build commands failed:
	CompileC CMAKE_TRY_COMPILE.build/Debug/cmTC_947e0.build/Objects-normal/x86_64/src.o src.cxx normal x86_64 c++ com.apple.compilers.llvm.clang.1_0.compiler
(1 failure)

Source file was:

#include <omp.h>
int main() {
#ifdef _OPENMP
  return 0;
#else
  breaks_on_purpose
#endif
}

Performing C++ SOURCE FILE Test OpenMP_FLAG_DETECTED failed with the following output:
Change Dir: /Users/rickardbergeling/GitHub/Datorgrafik-Visualisering/Assignment02/build/CMakeFiles/CMakeTmp

Run Build Command:"/usr/bin/xcodebuild" "-project" "CMAKE_TRY_COMPILE.xcodeproj" "build" "-target" "cmTC_0a880" "-configuration" "Debug"
=== BUILD TARGET cmTC_0a880 OF PROJECT CMAKE_TRY_COMPILE WITH CONFIGURATION Debug ===

Check dependencies

Write auxiliary files
/bin/mkdir -p /Users/rickardbergeling/GitHub/Datorgrafik-Visualisering/Assignment02/build/CMakeFiles/CMakeTmp/CMAKE_TRY_COMPILE.build/Debug/cmTC_0a880.build/Objects-normal/x86_64
write-file /Users/rickardbergeling/GitHub/Datorgrafik-Visualisering/Assignment02/build/CMakeFiles/CMakeTmp/CMAKE_TRY_COMPILE.build/Debug/cmTC_0a880.build/Objects-normal/x86_64/cmTC_0a880.LinkFileList

CompileC CMAKE_TRY_COMPILE.build/Debug/cmTC_0a880.build/Objects-normal/x86_64/src.o src.cxx normal x86_64 c++ com.apple.compilers.llvm.clang.1_0.compiler
    cd /Users/rickardbergeling/GitHub/Datorgrafik-Visualisering/Assignment02/build/CMakeFiles/CMakeTmp
    export LANG=en_US.US-ASCII
    /Applications/Xcode.app/Contents/Developer/Toolchains/XcodeDefault.xctoolchain/usr/bin/clang -x c++ -arch x86_64 -fmessage-length=0 -fdiagnostics-show-note-include-stack -fmacro-backtrace-limit=0 -Wno-trigraphs -fpascal-strings -O0 -Wno-missing-field-initializers -Wno-missing-prototypes -Wno-return-type -Wno-non-virtual-dtor -Wno-overloaded-virtual -Wno-exit-time-destructors -Wno-missing-braces -Wparentheses -Wswitch -Wno-unused-function -Wno-unused-label -Wno-unused-parameter -Wno-unused-variable -Wunused-value -Wno-empty-body -Wno-uninitialized -Wno-unknown-pragmas -Wno-shadow -Wno-four-char-constants -Wno-conversion -Wno-constant-conversion -Wno-int-conversion -Wno-bool-conversion -Wno-enum-conversion -Wno-shorten-64-to-32 -Wno-newline-eof -Wno-c++11-extensions -DCMAKE_INTDIR=\"Debug\" -isysroot /Applications/Xcode.app/Contents/Developer/Platforms/MacOSX.platform/Developer/SDKs/MacOSX10.11.sdk -fasm-blocks -fstrict-aliasing -Wdeprecated-declarations -Winvalid-offsetof -mmacosx-version-min=10.11 -g -Wno-sign-conversion -I/Users/rickardbergeling/GitHub/Datorgrafik-Visualisering/Assignment02/build/CMakeFiles/CMakeTmp/Debug/include -I/Users/rickardbergeling/GitHub/Datorgrafik-Visualisering/Assignment02/build/CMakeFiles/CMakeTmp/CMAKE_TRY_COMPILE.build/Debug/cmTC_0a880.build/DerivedSources/x86_64 -I/Users/rickardbergeling/GitHub/Datorgrafik-Visualisering/Assignment02/build/CMakeFiles/CMakeTmp/CMAKE_TRY_COMPILE.build/Debug/cmTC_0a880.build/DerivedSources -Wmost -Wno-four-char-constants -Wno-unknown-pragmas -F/Users/rickardbergeling/GitHub/Datorgrafik-Visualisering/Assignment02/build/CMakeFiles/CMakeTmp/Debug -DOpenMP_FLAG_DETECTED -Qopenmp -MMD -MT dependencies -MF /Users/rickardbergeling/GitHub/Datorgrafik-Visualisering/Assignment02/build/CMakeFiles/CMakeTmp/CMAKE_TRY_COMPILE.build/Debug/cmTC_0a880.build/Objects-normal/x86_64/src.d --serialize-diagnostics /Users/rickardbergeling/GitHub/Datorgrafik-Visualisering/Assignment02/build/CMakeFiles/CMakeTmp/CMAKE_TRY_COMPILE.build/Debug/cmTC_0a880.build/Objects-normal/x86_64/src.dia -c /Users/rickardbergeling/GitHub/Datorgrafik-Visualisering/Assignment02/build/CMakeFiles/CMakeTmp/src.cxx -o /Users/rickardbergeling/GitHub/Datorgrafik-Visualisering/Assignment02/build/CMakeFiles/CMakeTmp/CMAKE_TRY_COMPILE.build/Debug/cmTC_0a880.build/Objects-normal/x86_64/src.o
clang: error: unknown argument: '-Qopenmp'

** BUILD FAILED **


The following build commands failed:
	CompileC CMAKE_TRY_COMPILE.build/Debug/cmTC_0a880.build/Objects-normal/x86_64/src.o src.cxx normal x86_64 c++ com.apple.compilers.llvm.clang.1_0.compiler
(1 failure)

Source file was:

#include <omp.h>
int main() {
#ifdef _OPENMP
  return 0;
#else
  breaks_on_purpose
#endif
}

Performing C++ SOURCE FILE Test OpenMP_FLAG_DETECTED failed with the following output:
Change Dir: /Users/rickardbergeling/GitHub/Datorgrafik-Visualisering/Assignment02/build/CMakeFiles/CMakeTmp

Run Build Command:"/usr/bin/xcodebuild" "-project" "CMAKE_TRY_COMPILE.xcodeproj" "build" "-target" "cmTC_c4d22" "-configuration" "Debug"
=== BUILD TARGET cmTC_c4d22 OF PROJECT CMAKE_TRY_COMPILE WITH CONFIGURATION Debug ===

Check dependencies

Write auxiliary files
/bin/mkdir -p /Users/rickardbergeling/GitHub/Datorgrafik-Visualisering/Assignment02/build/CMakeFiles/CMakeTmp/CMAKE_TRY_COMPILE.build/Debug/cmTC_c4d22.build/Objects-normal/x86_64
write-file /Users/rickardbergeling/GitHub/Datorgrafik-Visualisering/Assignment02/build/CMakeFiles/CMakeTmp/CMAKE_TRY_COMPILE.build/Debug/cmTC_c4d22.build/Objects-normal/x86_64/cmTC_c4d22.LinkFileList

CompileC CMAKE_TRY_COMPILE.build/Debug/cmTC_c4d22.build/Objects-normal/x86_64/src.o src.cxx normal x86_64 c++ com.apple.compilers.llvm.clang.1_0.compiler
    cd /Users/rickardbergeling/GitHub/Datorgrafik-Visualisering/Assignment02/build/CMakeFiles/CMakeTmp
    export LANG=en_US.US-ASCII
    /Applications/Xcode.app/Contents/Developer/Toolchains/XcodeDefault.xctoolchain/usr/bin/clang -x c++ -arch x86_64 -fmessage-length=0 -fdiagnostics-show-note-include-stack -fmacro-backtrace-limit=0 -Wno-trigraphs -fpascal-strings -O0 -Wno-missing-field-initializers -Wno-missing-prototypes -Wno-return-type -Wno-non-virtual-dtor -Wno-overloaded-virtual -Wno-exit-time-destructors -Wno-missing-braces -Wparentheses -Wswitch -Wno-unused-function -Wno-unused-label -Wno-unused-parameter -Wno-unused-variable -Wunused-value -Wno-empty-body -Wno-uninitialized -Wno-unknown-pragmas -Wno-shadow -Wno-four-char-constants -Wno-conversion -Wno-constant-conversion -Wno-int-conversion -Wno-bool-conversion -Wno-enum-conversion -Wno-shorten-64-to-32 -Wno-newline-eof -Wno-c++11-extensions -DCMAKE_INTDIR=\"Debug\" -isysroot /Applications/Xcode.app/Contents/Developer/Platforms/MacOSX.platform/Developer/SDKs/MacOSX10.11.sdk -fasm-blocks -fstrict-aliasing -Wdeprecated-declarations -Winvalid-offsetof -mmacosx-version-min=10.11 -g -Wno-sign-conversion -I/Users/rickardbergeling/GitHub/Datorgrafik-Visualisering/Assignment02/build/CMakeFiles/CMakeTmp/Debug/include -I/Users/rickardbergeling/GitHub/Datorgrafik-Visualisering/Assignment02/build/CMakeFiles/CMakeTmp/CMAKE_TRY_COMPILE.build/Debug/cmTC_c4d22.build/DerivedSources/x86_64 -I/Users/rickardbergeling/GitHub/Datorgrafik-Visualisering/Assignment02/build/CMakeFiles/CMakeTmp/CMAKE_TRY_COMPILE.build/Debug/cmTC_c4d22.build/DerivedSources -Wmost -Wno-four-char-constants -Wno-unknown-pragmas -F/Users/rickardbergeling/GitHub/Datorgrafik-Visualisering/Assignment02/build/CMakeFiles/CMakeTmp/Debug -DOpenMP_FLAG_DETECTED -openmp -MMD -MT dependencies -MF /Users/rickardbergeling/GitHub/Datorgrafik-Visualisering/Assignment02/build/CMakeFiles/CMakeTmp/CMAKE_TRY_COMPILE.build/Debug/cmTC_c4d22.build/Objects-normal/x86_64/src.d --serialize-diagnostics /Users/rickardbergeling/GitHub/Datorgrafik-Visualisering/Assignment02/build/CMakeFiles/CMakeTmp/CMAKE_TRY_COMPILE.build/Debug/cmTC_c4d22.build/Objects-normal/x86_64/src.dia -c /Users/rickardbergeling/GitHub/Datorgrafik-Visualisering/Assignment02/build/CMakeFiles/CMakeTmp/src.cxx -o /Users/rickardbergeling/GitHub/Datorgrafik-Visualisering/Assignment02/build/CMakeFiles/CMakeTmp/CMAKE_TRY_COMPILE.build/Debug/cmTC_c4d22.build/Objects-normal/x86_64/src.o
/Users/rickardbergeling/GitHub/Datorgrafik-Visualisering/Assignment02/build/CMakeFiles/CMakeTmp/src.cxx:2:10: fatal error: 'omp.h' file not found
#include <omp.h>
         ^
1 error generated.

** BUILD FAILED **


The following build commands failed:
	CompileC CMAKE_TRY_COMPILE.build/Debug/cmTC_c4d22.build/Objects-normal/x86_64/src.o src.cxx normal x86_64 c++ com.apple.compilers.llvm.clang.1_0.compiler
(1 failure)

Source file was:

#include <omp.h>
int main() {
#ifdef _OPENMP
  return 0;
#else
  breaks_on_purpose
#endif
}

Performing C++ SOURCE FILE Test OpenMP_FLAG_DETECTED failed with the following output:
Change Dir: /Users/rickardbergeling/GitHub/Datorgrafik-Visualisering/Assignment02/build/CMakeFiles/CMakeTmp

Run Build Command:"/usr/bin/xcodebuild" "-project" "CMAKE_TRY_COMPILE.xcodeproj" "build" "-target" "cmTC_ce483" "-configuration" "Debug"
=== BUILD TARGET cmTC_ce483 OF PROJECT CMAKE_TRY_COMPILE WITH CONFIGURATION Debug ===

Check dependencies

Write auxiliary files
/bin/mkdir -p /Users/rickardbergeling/GitHub/Datorgrafik-Visualisering/Assignment02/build/CMakeFiles/CMakeTmp/CMAKE_TRY_COMPILE.build/Debug/cmTC_ce483.build/Objects-normal/x86_64
write-file /Users/rickardbergeling/GitHub/Datorgrafik-Visualisering/Assignment02/build/CMakeFiles/CMakeTmp/CMAKE_TRY_COMPILE.build/Debug/cmTC_ce483.build/Objects-normal/x86_64/cmTC_ce483.LinkFileList

CompileC CMAKE_TRY_COMPILE.build/Debug/cmTC_ce483.build/Objects-normal/x86_64/src.o src.cxx normal x86_64 c++ com.apple.compilers.llvm.clang.1_0.compiler
    cd /Users/rickardbergeling/GitHub/Datorgrafik-Visualisering/Assignment02/build/CMakeFiles/CMakeTmp
    export LANG=en_US.US-ASCII
    /Applications/Xcode.app/Contents/Developer/Toolchains/XcodeDefault.xctoolchain/usr/bin/clang -x c++ -arch x86_64 -fmessage-length=0 -fdiagnostics-show-note-include-stack -fmacro-backtrace-limit=0 -Wno-trigraphs -fpascal-strings -O0 -Wno-missing-field-initializers -Wno-missing-prototypes -Wno-return-type -Wno-non-virtual-dtor -Wno-overloaded-virtual -Wno-exit-time-destructors -Wno-missing-braces -Wparentheses -Wswitch -Wno-unused-function -Wno-unused-label -Wno-unused-parameter -Wno-unused-variable -Wunused-value -Wno-empty-body -Wno-uninitialized -Wno-unknown-pragmas -Wno-shadow -Wno-four-char-constants -Wno-conversion -Wno-constant-conversion -Wno-int-conversion -Wno-bool-conversion -Wno-enum-conversion -Wno-shorten-64-to-32 -Wno-newline-eof -Wno-c++11-extensions -DCMAKE_INTDIR=\"Debug\" -isysroot /Applications/Xcode.app/Contents/Developer/Platforms/MacOSX.platform/Developer/SDKs/MacOSX10.11.sdk -fasm-blocks -fstrict-aliasing -Wdeprecated-declarations -Winvalid-offsetof -mmacosx-version-min=10.11 -g -Wno-sign-conversion -I/Users/rickardbergeling/GitHub/Datorgrafik-Visualisering/Assignment02/build/CMakeFiles/CMakeTmp/Debug/include -I/Users/rickardbergeling/GitHub/Datorgrafik-Visualisering/Assignment02/build/CMakeFiles/CMakeTmp/CMAKE_TRY_COMPILE.build/Debug/cmTC_ce483.build/DerivedSources/x86_64 -I/Users/rickardbergeling/GitHub/Datorgrafik-Visualisering/Assignment02/build/CMakeFiles/CMakeTmp/CMAKE_TRY_COMPILE.build/Debug/cmTC_ce483.build/DerivedSources -Wmost -Wno-four-char-constants -Wno-unknown-pragmas -F/Users/rickardbergeling/GitHub/Datorgrafik-Visualisering/Assignment02/build/CMakeFiles/CMakeTmp/Debug -DOpenMP_FLAG_DETECTED -xopenmp -MMD -MT dependencies -MF /Users/rickardbergeling/GitHub/Datorgrafik-Visualisering/Assignment02/build/CMakeFiles/CMakeTmp/CMAKE_TRY_COMPILE.build/Debug/cmTC_ce483.build/Objects-normal/x86_64/src.d --serialize-diagnostics /Users/rickardbergeling/GitHub/Datorgrafik-Visualisering/Assignment02/build/CMakeFiles/CMakeTmp/CMAKE_TRY_COMPILE.build/Debug/cmTC_ce483.build/Objects-normal/x86_64/src.dia -c /Users/rickardbergeling/GitHub/Datorgrafik-Visualisering/Assignment02/build/CMakeFiles/CMakeTmp/src.cxx -o /Users/rickardbergeling/GitHub/Datorgrafik-Visualisering/Assignment02/build/CMakeFiles/CMakeTmp/CMAKE_TRY_COMPILE.build/Debug/cmTC_ce483.build/Objects-normal/x86_64/src.o
clang: error: language not recognized: 'openmp'
clang: warning: /Users/rickardbergeling/GitHub/Datorgrafik-Visualisering/Assignment02/build/CMakeFiles/CMakeTmp/src.cxx: 'linker' input unused

** BUILD FAILED **


The following build commands failed:
	CompileC CMAKE_TRY_COMPILE.build/Debug/cmTC_ce483.build/Objects-normal/x86_64/src.o src.cxx normal x86_64 c++ com.apple.compilers.llvm.clang.1_0.compiler
(1 failure)

Source file was:

#include <omp.h>
int main() {
#ifdef _OPENMP
  return 0;
#else
  breaks_on_purpose
#endif
}

Performing C++ SOURCE FILE Test OpenMP_FLAG_DETECTED failed with the following output:
Change Dir: /Users/rickardbergeling/GitHub/Datorgrafik-Visualisering/Assignment02/build/CMakeFiles/CMakeTmp

Run Build Command:"/usr/bin/xcodebuild" "-project" "CMAKE_TRY_COMPILE.xcodeproj" "build" "-target" "cmTC_cfd6e" "-configuration" "Debug"
=== BUILD TARGET cmTC_cfd6e OF PROJECT CMAKE_TRY_COMPILE WITH CONFIGURATION Debug ===

Check dependencies

Write auxiliary files
/bin/mkdir -p /Users/rickardbergeling/GitHub/Datorgrafik-Visualisering/Assignment02/build/CMakeFiles/CMakeTmp/CMAKE_TRY_COMPILE.build/Debug/cmTC_cfd6e.build/Objects-normal/x86_64
write-file /Users/rickardbergeling/GitHub/Datorgrafik-Visualisering/Assignment02/build/CMakeFiles/CMakeTmp/CMAKE_TRY_COMPILE.build/Debug/cmTC_cfd6e.build/Objects-normal/x86_64/cmTC_cfd6e.LinkFileList

CompileC CMAKE_TRY_COMPILE.build/Debug/cmTC_cfd6e.build/Objects-normal/x86_64/src.o src.cxx normal x86_64 c++ com.apple.compilers.llvm.clang.1_0.compiler
    cd /Users/rickardbergeling/GitHub/Datorgrafik-Visualisering/Assignment02/build/CMakeFiles/CMakeTmp
    export LANG=en_US.US-ASCII
    /Applications/Xcode.app/Contents/Developer/Toolchains/XcodeDefault.xctoolchain/usr/bin/clang -x c++ -arch x86_64 -fmessage-length=0 -fdiagnostics-show-note-include-stack -fmacro-backtrace-limit=0 -Wno-trigraphs -fpascal-strings -O0 -Wno-missing-field-initializers -Wno-missing-prototypes -Wno-return-type -Wno-non-virtual-dtor -Wno-overloaded-virtual -Wno-exit-time-destructors -Wno-missing-braces -Wparentheses -Wswitch -Wno-unused-function -Wno-unused-label -Wno-unused-parameter -Wno-unused-variable -Wunused-value -Wno-empty-body -Wno-uninitialized -Wno-unknown-pragmas -Wno-shadow -Wno-four-char-constants -Wno-conversion -Wno-constant-conversion -Wno-int-conversion -Wno-bool-conversion -Wno-enum-conversion -Wno-shorten-64-to-32 -Wno-newline-eof -Wno-c++11-extensions -DCMAKE_INTDIR=\"Debug\" -isysroot /Applications/Xcode.app/Contents/Developer/Platforms/MacOSX.platform/Developer/SDKs/MacOSX10.11.sdk -fasm-blocks -fstrict-aliasing -Wdeprecated-declarations -Winvalid-offsetof -mmacosx-version-min=10.11 -g -Wno-sign-conversion -I/Users/rickardbergeling/GitHub/Datorgrafik-Visualisering/Assignment02/build/CMakeFiles/CMakeTmp/Debug/include -I/Users/rickardbergeling/GitHub/Datorgrafik-Visualisering/Assignment02/build/CMakeFiles/CMakeTmp/CMAKE_TRY_COMPILE.build/Debug/cmTC_cfd6e.build/DerivedSources/x86_64 -I/Users/rickardbergeling/GitHub/Datorgrafik-Visualisering/Assignment02/build/CMakeFiles/CMakeTmp/CMAKE_TRY_COMPILE.build/Debug/cmTC_cfd6e.build/DerivedSources -Wmost -Wno-four-char-constants -Wno-unknown-pragmas -F/Users/rickardbergeling/GitHub/Datorgrafik-Visualisering/Assignment02/build/CMakeFiles/CMakeTmp/Debug -DOpenMP_FLAG_DETECTED +Oopenmp -MMD -MT dependencies -MF /Users/rickardbergeling/GitHub/Datorgrafik-Visualisering/Assignment02/build/CMakeFiles/CMakeTmp/CMAKE_TRY_COMPILE.build/Debug/cmTC_cfd6e.build/Objects-normal/x86_64/src.d --serialize-diagnostics /Users/rickardbergeling/GitHub/Datorgrafik-Visualisering/Assignment02/build/CMakeFiles/CMakeTmp/CMAKE_TRY_COMPILE.build/Debug/cmTC_cfd6e.build/Objects-normal/x86_64/src.dia -c /Users/rickardbergeling/GitHub/Datorgrafik-Visualisering/Assignment02/build/CMakeFiles/CMakeTmp/src.cxx -o /Users/rickardbergeling/GitHub/Datorgrafik-Visualisering/Assignment02/build/CMakeFiles/CMakeTmp/CMAKE_TRY_COMPILE.build/Debug/cmTC_cfd6e.build/Objects-normal/x86_64/src.o
clang: error: no such file or directory: '+Oopenmp'

** BUILD FAILED **


The following build commands failed:
	CompileC CMAKE_TRY_COMPILE.build/Debug/cmTC_cfd6e.build/Objects-normal/x86_64/src.o src.cxx normal x86_64 c++ com.apple.compilers.llvm.clang.1_0.compiler
(1 failure)

Source file was:

#include <omp.h>
int main() {
#ifdef _OPENMP
  return 0;
#else
  breaks_on_purpose
#endif
}

Performing C++ SOURCE FILE Test OpenMP_FLAG_DETECTED failed with the following output:
Change Dir: /Users/rickardbergeling/GitHub/Datorgrafik-Visualisering/Assignment02/build/CMakeFiles/CMakeTmp

Run Build Command:"/usr/bin/xcodebuild" "-project" "CMAKE_TRY_COMPILE.xcodeproj" "build" "-target" "cmTC_d16fa" "-configuration" "Debug"
=== BUILD TARGET cmTC_d16fa OF PROJECT CMAKE_TRY_COMPILE WITH CONFIGURATION Debug ===

Check dependencies

Write auxiliary files
/bin/mkdir -p /Users/rickardbergeling/GitHub/Datorgrafik-Visualisering/Assignment02/build/CMakeFiles/CMakeTmp/CMAKE_TRY_COMPILE.build/Debug/cmTC_d16fa.build/Objects-normal/x86_64
write-file /Users/rickardbergeling/GitHub/Datorgrafik-Visualisering/Assignment02/build/CMakeFiles/CMakeTmp/CMAKE_TRY_COMPILE.build/Debug/cmTC_d16fa.build/Objects-normal/x86_64/cmTC_d16fa.LinkFileList

CompileC CMAKE_TRY_COMPILE.build/Debug/cmTC_d16fa.build/Objects-normal/x86_64/src.o src.cxx normal x86_64 c++ com.apple.compilers.llvm.clang.1_0.compiler
    cd /Users/rickardbergeling/GitHub/Datorgrafik-Visualisering/Assignment02/build/CMakeFiles/CMakeTmp
    export LANG=en_US.US-ASCII
    /Applications/Xcode.app/Contents/Developer/Toolchains/XcodeDefault.xctoolchain/usr/bin/clang -x c++ -arch x86_64 -fmessage-length=0 -fdiagnostics-show-note-include-stack -fmacro-backtrace-limit=0 -Wno-trigraphs -fpascal-strings -O0 -Wno-missing-field-initializers -Wno-missing-prototypes -Wno-return-type -Wno-non-virtual-dtor -Wno-overloaded-virtual -Wno-exit-time-destructors -Wno-missing-braces -Wparentheses -Wswitch -Wno-unused-function -Wno-unused-label -Wno-unused-parameter -Wno-unused-variable -Wunused-value -Wno-empty-body -Wno-uninitialized -Wno-unknown-pragmas -Wno-shadow -Wno-four-char-constants -Wno-conversion -Wno-constant-conversion -Wno-int-conversion -Wno-bool-conversion -Wno-enum-conversion -Wno-shorten-64-to-32 -Wno-newline-eof -Wno-c++11-extensions -DCMAKE_INTDIR=\"Debug\" -isysroot /Applications/Xcode.app/Contents/Developer/Platforms/MacOSX.platform/Developer/SDKs/MacOSX10.11.sdk -fasm-blocks -fstrict-aliasing -Wdeprecated-declarations -Winvalid-offsetof -mmacosx-version-min=10.11 -g -Wno-sign-conversion -I/Users/rickardbergeling/GitHub/Datorgrafik-Visualisering/Assignment02/build/CMakeFiles/CMakeTmp/Debug/include -I/Users/rickardbergeling/GitHub/Datorgrafik-Visualisering/Assignment02/build/CMakeFiles/CMakeTmp/CMAKE_TRY_COMPILE.build/Debug/cmTC_d16fa.build/DerivedSources/x86_64 -I/Users/rickardbergeling/GitHub/Datorgrafik-Visualisering/Assignment02/build/CMakeFiles/CMakeTmp/CMAKE_TRY_COMPILE.build/Debug/cmTC_d16fa.build/DerivedSources -Wmost -Wno-four-char-constants -Wno-unknown-pragmas -F/Users/rickardbergeling/GitHub/Datorgrafik-Visualisering/Assignment02/build/CMakeFiles/CMakeTmp/Debug -DOpenMP_FLAG_DETECTED -qsmp -MMD -MT dependencies -MF /Users/rickardbergeling/GitHub/Datorgrafik-Visualisering/Assignment02/build/CMakeFiles/CMakeTmp/CMAKE_TRY_COMPILE.build/Debug/cmTC_d16fa.build/Objects-normal/x86_64/src.d --serialize-diagnostics /Users/rickardbergeling/GitHub/Datorgrafik-Visualisering/Assignment02/build/CMakeFiles/CMakeTmp/CMAKE_TRY_COMPILE.build/Debug/cmTC_d16fa.build/Objects-normal/x86_64/src.dia -c /Users/rickardbergeling/GitHub/Datorgrafik-Visualisering/Assignment02/build/CMakeFiles/CMakeTmp/src.cxx -o /Users/rickardbergeling/GitHub/Datorgrafik-Visualisering/Assignment02/build/CMakeFiles/CMakeTmp/CMAKE_TRY_COMPILE.build/Debug/cmTC_d16fa.build/Objects-normal/x86_64/src.o
clang: error: unknown argument: '-qsmp'

** BUILD FAILED **


The following build commands failed:
	CompileC CMAKE_TRY_COMPILE.build/Debug/cmTC_d16fa.build/Objects-normal/x86_64/src.o src.cxx normal x86_64 c++ com.apple.compilers.llvm.clang.1_0.compiler
(1 failure)

Source file was:

#include <omp.h>
int main() {
#ifdef _OPENMP
  return 0;
#else
  breaks_on_purpose
#endif
}

Performing C++ SOURCE FILE Test OpenMP_FLAG_DETECTED failed with the following output:
Change Dir: /Users/rickardbergeling/GitHub/Datorgrafik-Visualisering/Assignment02/build/CMakeFiles/CMakeTmp

Run Build Command:"/usr/bin/xcodebuild" "-project" "CMAKE_TRY_COMPILE.xcodeproj" "build" "-target" "cmTC_4a71e" "-configuration" "Debug"
=== BUILD TARGET cmTC_4a71e OF PROJECT CMAKE_TRY_COMPILE WITH CONFIGURATION Debug ===

Check dependencies

Write auxiliary files
/bin/mkdir -p /Users/rickardbergeling/GitHub/Datorgrafik-Visualisering/Assignment02/build/CMakeFiles/CMakeTmp/CMAKE_TRY_COMPILE.build/Debug/cmTC_4a71e.build/Objects-normal/x86_64
write-file /Users/rickardbergeling/GitHub/Datorgrafik-Visualisering/Assignment02/build/CMakeFiles/CMakeTmp/CMAKE_TRY_COMPILE.build/Debug/cmTC_4a71e.build/Objects-normal/x86_64/cmTC_4a71e.LinkFileList

CompileC CMAKE_TRY_COMPILE.build/Debug/cmTC_4a71e.build/Objects-normal/x86_64/src.o src.cxx normal x86_64 c++ com.apple.compilers.llvm.clang.1_0.compiler
    cd /Users/rickardbergeling/GitHub/Datorgrafik-Visualisering/Assignment02/build/CMakeFiles/CMakeTmp
    export LANG=en_US.US-ASCII
    /Applications/Xcode.app/Contents/Developer/Toolchains/XcodeDefault.xctoolchain/usr/bin/clang -x c++ -arch x86_64 -fmessage-length=0 -fdiagnostics-show-note-include-stack -fmacro-backtrace-limit=0 -Wno-trigraphs -fpascal-strings -O0 -Wno-missing-field-initializers -Wno-missing-prototypes -Wno-return-type -Wno-non-virtual-dtor -Wno-overloaded-virtual -Wno-exit-time-destructors -Wno-missing-braces -Wparentheses -Wswitch -Wno-unused-function -Wno-unused-label -Wno-unused-parameter -Wno-unused-variable -Wunused-value -Wno-empty-body -Wno-uninitialized -Wno-unknown-pragmas -Wno-shadow -Wno-four-char-constants -Wno-conversion -Wno-constant-conversion -Wno-int-conversion -Wno-bool-conversion -Wno-enum-conversion -Wno-shorten-64-to-32 -Wno-newline-eof -Wno-c++11-extensions -DCMAKE_INTDIR=\"Debug\" -isysroot /Applications/Xcode.app/Contents/Developer/Platforms/MacOSX.platform/Developer/SDKs/MacOSX10.11.sdk -fasm-blocks -fstrict-aliasing -Wdeprecated-declarations -Winvalid-offsetof -mmacosx-version-min=10.11 -g -Wno-sign-conversion -I/Users/rickardbergeling/GitHub/Datorgrafik-Visualisering/Assignment02/build/CMakeFiles/CMakeTmp/Debug/include -I/Users/rickardbergeling/GitHub/Datorgrafik-Visualisering/Assignment02/build/CMakeFiles/CMakeTmp/CMAKE_TRY_COMPILE.build/Debug/cmTC_4a71e.build/DerivedSources/x86_64 -I/Users/rickardbergeling/GitHub/Datorgrafik-Visualisering/Assignment02/build/CMakeFiles/CMakeTmp/CMAKE_TRY_COMPILE.build/Debug/cmTC_4a71e.build/DerivedSources -Wmost -Wno-four-char-constants -Wno-unknown-pragmas -F/Users/rickardbergeling/GitHub/Datorgrafik-Visualisering/Assignment02/build/CMakeFiles/CMakeTmp/Debug -DOpenMP_FLAG_DETECTED -mp -MMD -MT dependencies -MF /Users/rickardbergeling/GitHub/Datorgrafik-Visualisering/Assignment02/build/CMakeFiles/CMakeTmp/CMAKE_TRY_COMPILE.build/Debug/cmTC_4a71e.build/Objects-normal/x86_64/src.d --serialize-diagnostics /Users/rickardbergeling/GitHub/Datorgrafik-Visualisering/Assignment02/build/CMakeFiles/CMakeTmp/CMAKE_TRY_COMPILE.build/Debug/cmTC_4a71e.build/Objects-normal/x86_64/src.dia -c /Users/rickardbergeling/GitHub/Datorgrafik-Visualisering/Assignment02/build/CMakeFiles/CMakeTmp/src.cxx -o /Users/rickardbergeling/GitHub/Datorgrafik-Visualisering/Assignment02/build/CMakeFiles/CMakeTmp/CMAKE_TRY_COMPILE.build/Debug/cmTC_4a71e.build/Objects-normal/x86_64/src.o
clang: error: unknown argument: '-mp'

** BUILD FAILED **


The following build commands failed:
	CompileC CMAKE_TRY_COMPILE.build/Debug/cmTC_4a71e.build/Objects-normal/x86_64/src.o src.cxx normal x86_64 c++ com.apple.compilers.llvm.clang.1_0.compiler
(1 failure)

Source file was:

#include <omp.h>
int main() {
#ifdef _OPENMP
  return 0;
#else
  breaks_on_purpose
#endif
}

