Performing C SOURCE FILE Test OpenMP_FLAG_DETECTED failed with the following output:
Change Dir: /Users/rickardbergeling/GitHub/Datorgrafik-Visualisering/Assignment05/build/CMakeFiles/CMakeTmp

Run Build Command:"/usr/bin/xcodebuild" "-project" "CMAKE_TRY_COMPILE.xcodeproj" "build" "-target" "cmTC_3c07a" "-configuration" "Debug"
=== BUILD TARGET cmTC_3c07a OF PROJECT CMAKE_TRY_COMPILE WITH CONFIGURATION Debug ===

Check dependencies

Write auxiliary files
/bin/mkdir -p /Users/rickardbergeling/GitHub/Datorgrafik-Visualisering/Assignment05/build/CMakeFiles/CMakeTmp/CMAKE_TRY_COMPILE.build/Debug/cmTC_3c07a.build/Objects-normal/x86_64
write-file /Users/rickardbergeling/GitHub/Datorgrafik-Visualisering/Assignment05/build/CMakeFiles/CMakeTmp/CMAKE_TRY_COMPILE.build/Debug/cmTC_3c07a.build/Objects-normal/x86_64/cmTC_3c07a.LinkFileList

CompileC CMAKE_TRY_COMPILE.build/Debug/cmTC_3c07a.build/Objects-normal/x86_64/src.o src.c normal x86_64 c com.apple.compilers.llvm.clang.1_0.compiler
    cd /Users/rickardbergeling/GitHub/Datorgrafik-Visualisering/Assignment05/build/CMakeFiles/CMakeTmp
    export LANG=en_US.US-ASCII
    /Applications/Xcode.app/Contents/Developer/Toolchains/XcodeDefault.xctoolchain/usr/bin/clang -x c -arch x86_64 -fmessage-length=0 -fdiagnostics-show-note-include-stack -fmacro-backtrace-limit=0 -Wno-trigraphs -fpascal-strings -O0 -Wno-missing-field-initializers -Wno-missing-prototypes -Wno-return-type -Wno-missing-braces -Wparentheses -Wswitch -Wno-unused-function -Wno-unused-label -Wno-unused-parameter -Wno-unused-variable -Wunused-value -Wno-empty-body -Wno-uninitialized -Wno-unknown-pragmas -Wno-shadow -Wno-four-char-constants -Wno-conversion -Wno-constant-conversion -Wno-int-conversion -Wno-bool-conversion -Wno-enum-conversion -Wno-shorten-64-to-32 -Wpointer-sign -Wno-newline-eof -DCMAKE_INTDIR=\"Debug\" -isysroot /Applications/Xcode.app/Contents/Developer/Platforms/MacOSX.platform/Developer/SDKs/MacOSX10.11.sdk -fasm-blocks -fstrict-aliasing -Wdeprecated-declarations -mmacosx-version-min=10.11 -g -Wno-sign-conversion -I/Users/rickardbergeling/GitHub/Datorgrafik-Visualisering/Assignment05/build/CMakeFiles/CMakeTmp/Debug/include -I/Users/rickardbergeling/GitHub/Datorgrafik-Visualisering/Assignment05/build/CMakeFiles/CMakeTmp/CMAKE_TRY_COMPILE.build/Debug/cmTC_3c07a.build/DerivedSources/x86_64 -I/Users/rickardbergeling/GitHub/Datorgrafik-Visualisering/Assignment05/build/CMakeFiles/CMakeTmp/CMAKE_TRY_COMPILE.build/Debug/cmTC_3c07a.build/DerivedSources -Wmost -Wno-four-char-constants -Wno-unknown-pragmas -F/Users/rickardbergeling/GitHub/Datorgrafik-Visualisering/Assignment05/build/CMakeFiles/CMakeTmp/Debug -DOpenMP_FLAG_DETECTED -MMD -MT dependencies -MF /Users/rickardbergeling/GitHub/Datorgrafik-Visualisering/Assignment05/build/CMakeFiles/CMakeTmp/CMAKE_TRY_COMPILE.build/Debug/cmTC_3c07a.build/Objects-normal/x86_64/src.d --serialize-diagnostics /Users/rickardbergeling/GitHub/Datorgrafik-Visualisering/Assignment05/build/CMakeFiles/CMakeTmp/CMAKE_TRY_COMPILE.build/Debug/cmTC_3c07a.build/Objects-normal/x86_64/src.dia -c /Users/rickardbergeling/GitHub/Datorgrafik-Visualisering/Assignment05/build/CMakeFiles/CMakeTmp/src.c -o /Users/rickardbergeling/GitHub/Datorgrafik-Visualisering/Assignment05/build/CMakeFiles/CMakeTmp/CMAKE_TRY_COMPILE.build/Debug/cmTC_3c07a.build/Objects-normal/x86_64/src.o
/Users/rickardbergeling/GitHub/Datorgrafik-Visualisering/Assignment05/build/CMakeFiles/CMakeTmp/src.c:2:10: fatal error: 'omp.h' file not found
#include <omp.h>
         ^
1 error generated.

** BUILD FAILED **


The following build commands failed:
	CompileC CMAKE_TRY_COMPILE.build/Debug/cmTC_3c07a.build/Objects-normal/x86_64/src.o src.c normal x86_64 c com.apple.compilers.llvm.clang.1_0.compiler
(1 failure)

Source file was:

#include <omp.h>
int main() {
#ifdef _OPENMP
  return 0;
#else
  breaks_on_purpose
#endif
}

Performing C SOURCE FILE Test OpenMP_FLAG_DETECTED failed with the following output:
Change Dir: /Users/rickardbergeling/GitHub/Datorgrafik-Visualisering/Assignment05/build/CMakeFiles/CMakeTmp

Run Build Command:"/usr/bin/xcodebuild" "-project" "CMAKE_TRY_COMPILE.xcodeproj" "build" "-target" "cmTC_f802f" "-configuration" "Debug"
=== BUILD TARGET cmTC_f802f OF PROJECT CMAKE_TRY_COMPILE WITH CONFIGURATION Debug ===

Check dependencies

Write auxiliary files
/bin/mkdir -p /Users/rickardbergeling/GitHub/Datorgrafik-Visualisering/Assignment05/build/CMakeFiles/CMakeTmp/CMAKE_TRY_COMPILE.build/Debug/cmTC_f802f.build/Objects-normal/x86_64
write-file /Users/rickardbergeling/GitHub/Datorgrafik-Visualisering/Assignment05/build/CMakeFiles/CMakeTmp/CMAKE_TRY_COMPILE.build/Debug/cmTC_f802f.build/Objects-normal/x86_64/cmTC_f802f.LinkFileList

CompileC CMAKE_TRY_COMPILE.build/Debug/cmTC_f802f.build/Objects-normal/x86_64/src.o src.c normal x86_64 c com.apple.compilers.llvm.clang.1_0.compiler
    cd /Users/rickardbergeling/GitHub/Datorgrafik-Visualisering/Assignment05/build/CMakeFiles/CMakeTmp
    export LANG=en_US.US-ASCII
    /Applications/Xcode.app/Contents/Developer/Toolchains/XcodeDefault.xctoolchain/usr/bin/clang -x c -arch x86_64 -fmessage-length=0 -fdiagnostics-show-note-include-stack -fmacro-backtrace-limit=0 -Wno-trigraphs -fpascal-strings -O0 -Wno-missing-field-initializers -Wno-missing-prototypes -Wno-return-type -Wno-missing-braces -Wparentheses -Wswitch -Wno-unused-function -Wno-unused-label -Wno-unused-parameter -Wno-unused-variable -Wunused-value -Wno-empty-body -Wno-uninitialized -Wno-unknown-pragmas -Wno-shadow -Wno-four-char-constants -Wno-conversion -Wno-constant-conversion -Wno-int-conversion -Wno-bool-conversion -Wno-enum-conversion -Wno-shorten-64-to-32 -Wpointer-sign -Wno-newline-eof -DCMAKE_INTDIR=\"Debug\" -isysroot /Applications/Xcode.app/Contents/Developer/Platforms/MacOSX.platform/Developer/SDKs/MacOSX10.11.sdk -fasm-blocks -fstrict-aliasing -Wdeprecated-declarations -mmacosx-version-min=10.11 -g -Wno-sign-conversion -I/Users/rickardbergeling/GitHub/Datorgrafik-Visualisering/Assignment05/build/CMakeFiles/CMakeTmp/Debug/include -I/Users/rickardbergeling/GitHub/Datorgrafik-Visualisering/Assignment05/build/CMakeFiles/CMakeTmp/CMAKE_TRY_COMPILE.build/Debug/cmTC_f802f.build/DerivedSources/x86_64 -I/Users/rickardbergeling/GitHub/Datorgrafik-Visualisering/Assignment05/build/CMakeFiles/CMakeTmp/CMAKE_TRY_COMPILE.build/Debug/cmTC_f802f.build/DerivedSources -Wmost -Wno-four-char-constants -Wno-unknown-pragmas -F/Users/rickardbergeling/GitHub/Datorgrafik-Visualisering/Assignment05/build/CMakeFiles/CMakeTmp/Debug -DOpenMP_FLAG_DETECTED -fopenmp -MMD -MT dependencies -MF /Users/rickardbergeling/GitHub/Datorgrafik-Visualisering/Assignment05/build/CMakeFiles/CMakeTmp/CMAKE_TRY_COMPILE.build/Debug/cmTC_f802f.build/Objects-normal/x86_64/src.d --serialize-diagnostics /Users/rickardbergeling/GitHub/Datorgrafik-Visualisering/Assignment05/build/CMakeFiles/CMakeTmp/CMAKE_TRY_COMPILE.build/Debug/cmTC_f802f.build/Objects-normal/x86_64/src.dia -c /Users/rickardbergeling/GitHub/Datorgrafik-Visualisering/Assignment05/build/CMakeFiles/CMakeTmp/src.c -o /Users/rickardbergeling/GitHub/Datorgrafik-Visualisering/Assignment05/build/CMakeFiles/CMakeTmp/CMAKE_TRY_COMPILE.build/Debug/cmTC_f802f.build/Objects-normal/x86_64/src.o
/Users/rickardbergeling/GitHub/Datorgrafik-Visualisering/Assignment05/build/CMakeFiles/CMakeTmp/src.c:2:10: fatal error: 'omp.h' file not found
#include <omp.h>
         ^
1 error generated.

** BUILD FAILED **


The following build commands failed:
	CompileC CMAKE_TRY_COMPILE.build/Debug/cmTC_f802f.build/Objects-normal/x86_64/src.o src.c normal x86_64 c com.apple.compilers.llvm.clang.1_0.compiler
(1 failure)

Source file was:

#include <omp.h>
int main() {
#ifdef _OPENMP
  return 0;
#else
  breaks_on_purpose
#endif
}

Performing C SOURCE FILE Test OpenMP_FLAG_DETECTED failed with the following output:
Change Dir: /Users/rickardbergeling/GitHub/Datorgrafik-Visualisering/Assignment05/build/CMakeFiles/CMakeTmp

Run Build Command:"/usr/bin/xcodebuild" "-project" "CMAKE_TRY_COMPILE.xcodeproj" "build" "-target" "cmTC_563d9" "-configuration" "Debug"
=== BUILD TARGET cmTC_563d9 OF PROJECT CMAKE_TRY_COMPILE WITH CONFIGURATION Debug ===

Check dependencies

Write auxiliary files
/bin/mkdir -p /Users/rickardbergeling/GitHub/Datorgrafik-Visualisering/Assignment05/build/CMakeFiles/CMakeTmp/CMAKE_TRY_COMPILE.build/Debug/cmTC_563d9.build/Objects-normal/x86_64
write-file /Users/rickardbergeling/GitHub/Datorgrafik-Visualisering/Assignment05/build/CMakeFiles/CMakeTmp/CMAKE_TRY_COMPILE.build/Debug/cmTC_563d9.build/Objects-normal/x86_64/cmTC_563d9.LinkFileList

CompileC CMAKE_TRY_COMPILE.build/Debug/cmTC_563d9.build/Objects-normal/x86_64/src.o src.c normal x86_64 c com.apple.compilers.llvm.clang.1_0.compiler
    cd /Users/rickardbergeling/GitHub/Datorgrafik-Visualisering/Assignment05/build/CMakeFiles/CMakeTmp
    export LANG=en_US.US-ASCII
    /Applications/Xcode.app/Contents/Developer/Toolchains/XcodeDefault.xctoolchain/usr/bin/clang -x c -arch x86_64 -fmessage-length=0 -fdiagnostics-show-note-include-stack -fmacro-backtrace-limit=0 -Wno-trigraphs -fpascal-strings -O0 -Wno-missing-field-initializers -Wno-missing-prototypes -Wno-return-type -Wno-missing-braces -Wparentheses -Wswitch -Wno-unused-function -Wno-unused-label -Wno-unused-parameter -Wno-unused-variable -Wunused-value -Wno-empty-body -Wno-uninitialized -Wno-unknown-pragmas -Wno-shadow -Wno-four-char-constants -Wno-conversion -Wno-constant-conversion -Wno-int-conversion -Wno-bool-conversion -Wno-enum-conversion -Wno-shorten-64-to-32 -Wpointer-sign -Wno-newline-eof -DCMAKE_INTDIR=\"Debug\" -isysroot /Applications/Xcode.app/Contents/Developer/Platforms/MacOSX.platform/Developer/SDKs/MacOSX10.11.sdk -fasm-blocks -fstrict-aliasing -Wdeprecated-declarations -mmacosx-version-min=10.11 -g -Wno-sign-conversion -I/Users/rickardbergeling/GitHub/Datorgrafik-Visualisering/Assignment05/build/CMakeFiles/CMakeTmp/Debug/include -I/Users/rickardbergeling/GitHub/Datorgrafik-Visualisering/Assignment05/build/CMakeFiles/CMakeTmp/CMAKE_TRY_COMPILE.build/Debug/cmTC_563d9.build/DerivedSources/x86_64 -I/Users/rickardbergeling/GitHub/Datorgrafik-Visualisering/Assignment05/build/CMakeFiles/CMakeTmp/CMAKE_TRY_COMPILE.build/Debug/cmTC_563d9.build/DerivedSources -Wmost -Wno-four-char-constants -Wno-unknown-pragmas -F/Users/rickardbergeling/GitHub/Datorgrafik-Visualisering/Assignment05/build/CMakeFiles/CMakeTmp/Debug -DOpenMP_FLAG_DETECTED /openmp -MMD -MT dependencies -MF /Users/rickardbergeling/GitHub/Datorgrafik-Visualisering/Assignment05/build/CMakeFiles/CMakeTmp/CMAKE_TRY_COMPILE.build/Debug/cmTC_563d9.build/Objects-normal/x86_64/src.d --serialize-diagnostics /Users/rickardbergeling/GitHub/Datorgrafik-Visualisering/Assignment05/build/CMakeFiles/CMakeTmp/CMAKE_TRY_COMPILE.build/Debug/cmTC_563d9.build/Objects-normal/x86_64/src.dia -c /Users/rickardbergeling/GitHub/Datorgrafik-Visualisering/Assignment05/build/CMakeFiles/CMakeTmp/src.c -o /Users/rickardbergeling/GitHub/Datorgrafik-Visualisering/Assignment05/build/CMakeFiles/CMakeTmp/CMAKE_TRY_COMPILE.build/Debug/cmTC_563d9.build/Objects-normal/x86_64/src.o
clang: error: no such file or directory: '/openmp'

** BUILD FAILED **


The following build commands failed:
	CompileC CMAKE_TRY_COMPILE.build/Debug/cmTC_563d9.build/Objects-normal/x86_64/src.o src.c normal x86_64 c com.apple.compilers.llvm.clang.1_0.compiler
(1 failure)

Source file was:

#include <omp.h>
int main() {
#ifdef _OPENMP
  return 0;
#else
  breaks_on_purpose
#endif
}

Performing C SOURCE FILE Test OpenMP_FLAG_DETECTED failed with the following output:
Change Dir: /Users/rickardbergeling/GitHub/Datorgrafik-Visualisering/Assignment05/build/CMakeFiles/CMakeTmp

Run Build Command:"/usr/bin/xcodebuild" "-project" "CMAKE_TRY_COMPILE.xcodeproj" "build" "-target" "cmTC_332e5" "-configuration" "Debug"
=== BUILD TARGET cmTC_332e5 OF PROJECT CMAKE_TRY_COMPILE WITH CONFIGURATION Debug ===

Check dependencies

Write auxiliary files
/bin/mkdir -p /Users/rickardbergeling/GitHub/Datorgrafik-Visualisering/Assignment05/build/CMakeFiles/CMakeTmp/CMAKE_TRY_COMPILE.build/Debug/cmTC_332e5.build/Objects-normal/x86_64
write-file /Users/rickardbergeling/GitHub/Datorgrafik-Visualisering/Assignment05/build/CMakeFiles/CMakeTmp/CMAKE_TRY_COMPILE.build/Debug/cmTC_332e5.build/Objects-normal/x86_64/cmTC_332e5.LinkFileList

CompileC CMAKE_TRY_COMPILE.build/Debug/cmTC_332e5.build/Objects-normal/x86_64/src.o src.c normal x86_64 c com.apple.compilers.llvm.clang.1_0.compiler
    cd /Users/rickardbergeling/GitHub/Datorgrafik-Visualisering/Assignment05/build/CMakeFiles/CMakeTmp
    export LANG=en_US.US-ASCII
    /Applications/Xcode.app/Contents/Developer/Toolchains/XcodeDefault.xctoolchain/usr/bin/clang -x c -arch x86_64 -fmessage-length=0 -fdiagnostics-show-note-include-stack -fmacro-backtrace-limit=0 -Wno-trigraphs -fpascal-strings -O0 -Wno-missing-field-initializers -Wno-missing-prototypes -Wno-return-type -Wno-missing-braces -Wparentheses -Wswitch -Wno-unused-function -Wno-unused-label -Wno-unused-parameter -Wno-unused-variable -Wunused-value -Wno-empty-body -Wno-uninitialized -Wno-unknown-pragmas -Wno-shadow -Wno-four-char-constants -Wno-conversion -Wno-constant-conversion -Wno-int-conversion -Wno-bool-conversion -Wno-enum-conversion -Wno-shorten-64-to-32 -Wpointer-sign -Wno-newline-eof -DCMAKE_INTDIR=\"Debug\" -isysroot /Applications/Xcode.app/Contents/Developer/Platforms/MacOSX.platform/Developer/SDKs/MacOSX10.11.sdk -fasm-blocks -fstrict-aliasing -Wdeprecated-declarations -mmacosx-version-min=10.11 -g -Wno-sign-conversion -I/Users/rickardbergeling/GitHub/Datorgrafik-Visualisering/Assignment05/build/CMakeFiles/CMakeTmp/Debug/include -I/Users/rickardbergeling/GitHub/Datorgrafik-Visualisering/Assignment05/build/CMakeFiles/CMakeTmp/CMAKE_TRY_COMPILE.build/Debug/cmTC_332e5.build/DerivedSources/x86_64 -I/Users/rickardbergeling/GitHub/Datorgrafik-Visualisering/Assignment05/build/CMakeFiles/CMakeTmp/CMAKE_TRY_COMPILE.build/Debug/cmTC_332e5.build/DerivedSources -Wmost -Wno-four-char-constants -Wno-unknown-pragmas -F/Users/rickardbergeling/GitHub/Datorgrafik-Visualisering/Assignment05/build/CMakeFiles/CMakeTmp/Debug -DOpenMP_FLAG_DETECTED -Qopenmp -MMD -MT dependencies -MF /Users/rickardbergeling/GitHub/Datorgrafik-Visualisering/Assignment05/build/CMakeFiles/CMakeTmp/CMAKE_TRY_COMPILE.build/Debug/cmTC_332e5.build/Objects-normal/x86_64/src.d --serialize-diagnostics /Users/rickardbergeling/GitHub/Datorgrafik-Visualisering/Assignment05/build/CMakeFiles/CMakeTmp/CMAKE_TRY_COMPILE.build/Debug/cmTC_332e5.build/Objects-normal/x86_64/src.dia -c /Users/rickardbergeling/GitHub/Datorgrafik-Visualisering/Assignment05/build/CMakeFiles/CMakeTmp/src.c -o /Users/rickardbergeling/GitHub/Datorgrafik-Visualisering/Assignment05/build/CMakeFiles/CMakeTmp/CMAKE_TRY_COMPILE.build/Debug/cmTC_332e5.build/Objects-normal/x86_64/src.o
clang: error: unknown argument: '-Qopenmp'

** BUILD FAILED **


The following build commands failed:
	CompileC CMAKE_TRY_COMPILE.build/Debug/cmTC_332e5.build/Objects-normal/x86_64/src.o src.c normal x86_64 c com.apple.compilers.llvm.clang.1_0.compiler
(1 failure)

Source file was:

#include <omp.h>
int main() {
#ifdef _OPENMP
  return 0;
#else
  breaks_on_purpose
#endif
}

Performing C SOURCE FILE Test OpenMP_FLAG_DETECTED failed with the following output:
Change Dir: /Users/rickardbergeling/GitHub/Datorgrafik-Visualisering/Assignment05/build/CMakeFiles/CMakeTmp

Run Build Command:"/usr/bin/xcodebuild" "-project" "CMAKE_TRY_COMPILE.xcodeproj" "build" "-target" "cmTC_6742c" "-configuration" "Debug"
=== BUILD TARGET cmTC_6742c OF PROJECT CMAKE_TRY_COMPILE WITH CONFIGURATION Debug ===

Check dependencies

Write auxiliary files
/bin/mkdir -p /Users/rickardbergeling/GitHub/Datorgrafik-Visualisering/Assignment05/build/CMakeFiles/CMakeTmp/CMAKE_TRY_COMPILE.build/Debug/cmTC_6742c.build/Objects-normal/x86_64
write-file /Users/rickardbergeling/GitHub/Datorgrafik-Visualisering/Assignment05/build/CMakeFiles/CMakeTmp/CMAKE_TRY_COMPILE.build/Debug/cmTC_6742c.build/Objects-normal/x86_64/cmTC_6742c.LinkFileList

CompileC CMAKE_TRY_COMPILE.build/Debug/cmTC_6742c.build/Objects-normal/x86_64/src.o src.c normal x86_64 c com.apple.compilers.llvm.clang.1_0.compiler
    cd /Users/rickardbergeling/GitHub/Datorgrafik-Visualisering/Assignment05/build/CMakeFiles/CMakeTmp
    export LANG=en_US.US-ASCII
    /Applications/Xcode.app/Contents/Developer/Toolchains/XcodeDefault.xctoolchain/usr/bin/clang -x c -arch x86_64 -fmessage-length=0 -fdiagnostics-show-note-include-stack -fmacro-backtrace-limit=0 -Wno-trigraphs -fpascal-strings -O0 -Wno-missing-field-initializers -Wno-missing-prototypes -Wno-return-type -Wno-missing-braces -Wparentheses -Wswitch -Wno-unused-function -Wno-unused-label -Wno-unused-parameter -Wno-unused-variable -Wunused-value -Wno-empty-body -Wno-uninitialized -Wno-unknown-pragmas -Wno-shadow -Wno-four-char-constants -Wno-conversion -Wno-constant-conversion -Wno-int-conversion -Wno-bool-conversion -Wno-enum-conversion -Wno-shorten-64-to-32 -Wpointer-sign -Wno-newline-eof -DCMAKE_INTDIR=\"Debug\" -isysroot /Applications/Xcode.app/Contents/Developer/Platforms/MacOSX.platform/Developer/SDKs/MacOSX10.11.sdk -fasm-blocks -fstrict-aliasing -Wdeprecated-declarations -mmacosx-version-min=10.11 -g -Wno-sign-conversion -I/Users/rickardbergeling/GitHub/Datorgrafik-Visualisering/Assignment05/build/CMakeFiles/CMakeTmp/Debug/include -I/Users/rickardbergeling/GitHub/Datorgrafik-Visualisering/Assignment05/build/CMakeFiles/CMakeTmp/CMAKE_TRY_COMPILE.build/Debug/cmTC_6742c.build/DerivedSources/x86_64 -I/Users/rickardbergeling/GitHub/Datorgrafik-Visualisering/Assignment05/build/CMakeFiles/CMakeTmp/CMAKE_TRY_COMPILE.build/Debug/cmTC_6742c.build/DerivedSources -Wmost -Wno-four-char-constants -Wno-unknown-pragmas -F/Users/rickardbergeling/GitHub/Datorgrafik-Visualisering/Assignment05/build/CMakeFiles/CMakeTmp/Debug -DOpenMP_FLAG_DETECTED -openmp -MMD -MT dependencies -MF /Users/rickardbergeling/GitHub/Datorgrafik-Visualisering/Assignment05/build/CMakeFiles/CMakeTmp/CMAKE_TRY_COMPILE.build/Debug/cmTC_6742c.build/Objects-normal/x86_64/src.d --serialize-diagnostics /Users/rickardbergeling/GitHub/Datorgrafik-Visualisering/Assignment05/build/CMakeFiles/CMakeTmp/CMAKE_TRY_COMPILE.build/Debug/cmTC_6742c.build/Objects-normal/x86_64/src.dia -c /Users/rickardbergeling/GitHub/Datorgrafik-Visualisering/Assignment05/build/CMakeFiles/CMakeTmp/src.c -o /Users/rickardbergeling/GitHub/Datorgrafik-Visualisering/Assignment05/build/CMakeFiles/CMakeTmp/CMAKE_TRY_COMPILE.build/Debug/cmTC_6742c.build/Objects-normal/x86_64/src.o
/Users/rickardbergeling/GitHub/Datorgrafik-Visualisering/Assignment05/build/CMakeFiles/CMakeTmp/src.c:2:10: fatal error: 'omp.h' file not found
#include <omp.h>
         ^
1 error generated.

** BUILD FAILED **


The following build commands failed:
	CompileC CMAKE_TRY_COMPILE.build/Debug/cmTC_6742c.build/Objects-normal/x86_64/src.o src.c normal x86_64 c com.apple.compilers.llvm.clang.1_0.compiler
(1 failure)

Source file was:

#include <omp.h>
int main() {
#ifdef _OPENMP
  return 0;
#else
  breaks_on_purpose
#endif
}

Performing C SOURCE FILE Test OpenMP_FLAG_DETECTED failed with the following output:
Change Dir: /Users/rickardbergeling/GitHub/Datorgrafik-Visualisering/Assignment05/build/CMakeFiles/CMakeTmp

Run Build Command:"/usr/bin/xcodebuild" "-project" "CMAKE_TRY_COMPILE.xcodeproj" "build" "-target" "cmTC_4afa2" "-configuration" "Debug"
=== BUILD TARGET cmTC_4afa2 OF PROJECT CMAKE_TRY_COMPILE WITH CONFIGURATION Debug ===

Check dependencies

Write auxiliary files
/bin/mkdir -p /Users/rickardbergeling/GitHub/Datorgrafik-Visualisering/Assignment05/build/CMakeFiles/CMakeTmp/CMAKE_TRY_COMPILE.build/Debug/cmTC_4afa2.build/Objects-normal/x86_64
write-file /Users/rickardbergeling/GitHub/Datorgrafik-Visualisering/Assignment05/build/CMakeFiles/CMakeTmp/CMAKE_TRY_COMPILE.build/Debug/cmTC_4afa2.build/Objects-normal/x86_64/cmTC_4afa2.LinkFileList

CompileC CMAKE_TRY_COMPILE.build/Debug/cmTC_4afa2.build/Objects-normal/x86_64/src.o src.c normal x86_64 c com.apple.compilers.llvm.clang.1_0.compiler
    cd /Users/rickardbergeling/GitHub/Datorgrafik-Visualisering/Assignment05/build/CMakeFiles/CMakeTmp
    export LANG=en_US.US-ASCII
    /Applications/Xcode.app/Contents/Developer/Toolchains/XcodeDefault.xctoolchain/usr/bin/clang -x c -arch x86_64 -fmessage-length=0 -fdiagnostics-show-note-include-stack -fmacro-backtrace-limit=0 -Wno-trigraphs -fpascal-strings -O0 -Wno-missing-field-initializers -Wno-missing-prototypes -Wno-return-type -Wno-missing-braces -Wparentheses -Wswitch -Wno-unused-function -Wno-unused-label -Wno-unused-parameter -Wno-unused-variable -Wunused-value -Wno-empty-body -Wno-uninitialized -Wno-unknown-pragmas -Wno-shadow -Wno-four-char-constants -Wno-conversion -Wno-constant-conversion -Wno-int-conversion -Wno-bool-conversion -Wno-enum-conversion -Wno-shorten-64-to-32 -Wpointer-sign -Wno-newline-eof -DCMAKE_INTDIR=\"Debug\" -isysroot /Applications/Xcode.app/Contents/Developer/Platforms/MacOSX.platform/Developer/SDKs/MacOSX10.11.sdk -fasm-blocks -fstrict-aliasing -Wdeprecated-declarations -mmacosx-version-min=10.11 -g -Wno-sign-conversion -I/Users/rickardbergeling/GitHub/Datorgrafik-Visualisering/Assignment05/build/CMakeFiles/CMakeTmp/Debug/include -I/Users/rickardbergeling/GitHub/Datorgrafik-Visualisering/Assignment05/build/CMakeFiles/CMakeTmp/CMAKE_TRY_COMPILE.build/Debug/cmTC_4afa2.build/DerivedSources/x86_64 -I/Users/rickardbergeling/GitHub/Datorgrafik-Visualisering/Assignment05/build/CMakeFiles/CMakeTmp/CMAKE_TRY_COMPILE.build/Debug/cmTC_4afa2.build/DerivedSources -Wmost -Wno-four-char-constants -Wno-unknown-pragmas -F/Users/rickardbergeling/GitHub/Datorgrafik-Visualisering/Assignment05/build/CMakeFiles/CMakeTmp/Debug -DOpenMP_FLAG_DETECTED -xopenmp -MMD -MT dependencies -MF /Users/rickardbergeling/GitHub/Datorgrafik-Visualisering/Assignment05/build/CMakeFiles/CMakeTmp/CMAKE_TRY_COMPILE.build/Debug/cmTC_4afa2.build/Objects-normal/x86_64/src.d --serialize-diagnostics /Users/rickardbergeling/GitHub/Datorgrafik-Visualisering/Assignment05/build/CMakeFiles/CMakeTmp/CMAKE_TRY_COMPILE.build/Debug/cmTC_4afa2.build/Objects-normal/x86_64/src.dia -c /Users/rickardbergeling/GitHub/Datorgrafik-Visualisering/Assignment05/build/CMakeFiles/CMakeTmp/src.c -o /Users/rickardbergeling/GitHub/Datorgrafik-Visualisering/Assignment05/build/CMakeFiles/CMakeTmp/CMAKE_TRY_COMPILE.build/Debug/cmTC_4afa2.build/Objects-normal/x86_64/src.o
clang: error: language not recognized: 'openmp'
clang: warning: /Users/rickardbergeling/GitHub/Datorgrafik-Visualisering/Assignment05/build/CMakeFiles/CMakeTmp/src.c: 'linker' input unused

** BUILD FAILED **


The following build commands failed:
	CompileC CMAKE_TRY_COMPILE.build/Debug/cmTC_4afa2.build/Objects-normal/x86_64/src.o src.c normal x86_64 c com.apple.compilers.llvm.clang.1_0.compiler
(1 failure)

Source file was:

#include <omp.h>
int main() {
#ifdef _OPENMP
  return 0;
#else
  breaks_on_purpose
#endif
}

Performing C SOURCE FILE Test OpenMP_FLAG_DETECTED failed with the following output:
Change Dir: /Users/rickardbergeling/GitHub/Datorgrafik-Visualisering/Assignment05/build/CMakeFiles/CMakeTmp

Run Build Command:"/usr/bin/xcodebuild" "-project" "CMAKE_TRY_COMPILE.xcodeproj" "build" "-target" "cmTC_e20e8" "-configuration" "Debug"
=== BUILD TARGET cmTC_e20e8 OF PROJECT CMAKE_TRY_COMPILE WITH CONFIGURATION Debug ===

Check dependencies

Write auxiliary files
/bin/mkdir -p /Users/rickardbergeling/GitHub/Datorgrafik-Visualisering/Assignment05/build/CMakeFiles/CMakeTmp/CMAKE_TRY_COMPILE.build/Debug/cmTC_e20e8.build/Objects-normal/x86_64
write-file /Users/rickardbergeling/GitHub/Datorgrafik-Visualisering/Assignment05/build/CMakeFiles/CMakeTmp/CMAKE_TRY_COMPILE.build/Debug/cmTC_e20e8.build/Objects-normal/x86_64/cmTC_e20e8.LinkFileList

CompileC CMAKE_TRY_COMPILE.build/Debug/cmTC_e20e8.build/Objects-normal/x86_64/src.o src.c normal x86_64 c com.apple.compilers.llvm.clang.1_0.compiler
    cd /Users/rickardbergeling/GitHub/Datorgrafik-Visualisering/Assignment05/build/CMakeFiles/CMakeTmp
    export LANG=en_US.US-ASCII
    /Applications/Xcode.app/Contents/Developer/Toolchains/XcodeDefault.xctoolchain/usr/bin/clang -x c -arch x86_64 -fmessage-length=0 -fdiagnostics-show-note-include-stack -fmacro-backtrace-limit=0 -Wno-trigraphs -fpascal-strings -O0 -Wno-missing-field-initializers -Wno-missing-prototypes -Wno-return-type -Wno-missing-braces -Wparentheses -Wswitch -Wno-unused-function -Wno-unused-label -Wno-unused-parameter -Wno-unused-variable -Wunused-value -Wno-empty-body -Wno-uninitialized -Wno-unknown-pragmas -Wno-shadow -Wno-four-char-constants -Wno-conversion -Wno-constant-conversion -Wno-int-conversion -Wno-bool-conversion -Wno-enum-conversion -Wno-shorten-64-to-32 -Wpointer-sign -Wno-newline-eof -DCMAKE_INTDIR=\"Debug\" -isysroot /Applications/Xcode.app/Contents/Developer/Platforms/MacOSX.platform/Developer/SDKs/MacOSX10.11.sdk -fasm-blocks -fstrict-aliasing -Wdeprecated-declarations -mmacosx-version-min=10.11 -g -Wno-sign-conversion -I/Users/rickardbergeling/GitHub/Datorgrafik-Visualisering/Assignment05/build/CMakeFiles/CMakeTmp/Debug/include -I/Users/rickardbergeling/GitHub/Datorgrafik-Visualisering/Assignment05/build/CMakeFiles/CMakeTmp/CMAKE_TRY_COMPILE.build/Debug/cmTC_e20e8.build/DerivedSources/x86_64 -I/Users/rickardbergeling/GitHub/Datorgrafik-Visualisering/Assignment05/build/CMakeFiles/CMakeTmp/CMAKE_TRY_COMPILE.build/Debug/cmTC_e20e8.build/DerivedSources -Wmost -Wno-four-char-constants -Wno-unknown-pragmas -F/Users/rickardbergeling/GitHub/Datorgrafik-Visualisering/Assignment05/build/CMakeFiles/CMakeTmp/Debug -DOpenMP_FLAG_DETECTED +Oopenmp -MMD -MT dependencies -MF /Users/rickardbergeling/GitHub/Datorgrafik-Visualisering/Assignment05/build/CMakeFiles/CMakeTmp/CMAKE_TRY_COMPILE.build/Debug/cmTC_e20e8.build/Objects-normal/x86_64/src.d --serialize-diagnostics /Users/rickardbergeling/GitHub/Datorgrafik-Visualisering/Assignment05/build/CMakeFiles/CMakeTmp/CMAKE_TRY_COMPILE.build/Debug/cmTC_e20e8.build/Objects-normal/x86_64/src.dia -c /Users/rickardbergeling/GitHub/Datorgrafik-Visualisering/Assignment05/build/CMakeFiles/CMakeTmp/src.c -o /Users/rickardbergeling/GitHub/Datorgrafik-Visualisering/Assignment05/build/CMakeFiles/CMakeTmp/CMAKE_TRY_COMPILE.build/Debug/cmTC_e20e8.build/Objects-normal/x86_64/src.o
clang: error: no such file or directory: '+Oopenmp'

** BUILD FAILED **


The following build commands failed:
	CompileC CMAKE_TRY_COMPILE.build/Debug/cmTC_e20e8.build/Objects-normal/x86_64/src.o src.c normal x86_64 c com.apple.compilers.llvm.clang.1_0.compiler
(1 failure)

Source file was:

#include <omp.h>
int main() {
#ifdef _OPENMP
  return 0;
#else
  breaks_on_purpose
#endif
}

Performing C SOURCE FILE Test OpenMP_FLAG_DETECTED failed with the following output:
Change Dir: /Users/rickardbergeling/GitHub/Datorgrafik-Visualisering/Assignment05/build/CMakeFiles/CMakeTmp

Run Build Command:"/usr/bin/xcodebuild" "-project" "CMAKE_TRY_COMPILE.xcodeproj" "build" "-target" "cmTC_c0b1e" "-configuration" "Debug"
=== BUILD TARGET cmTC_c0b1e OF PROJECT CMAKE_TRY_COMPILE WITH CONFIGURATION Debug ===

Check dependencies

Write auxiliary files
/bin/mkdir -p /Users/rickardbergeling/GitHub/Datorgrafik-Visualisering/Assignment05/build/CMakeFiles/CMakeTmp/CMAKE_TRY_COMPILE.build/Debug/cmTC_c0b1e.build/Objects-normal/x86_64
write-file /Users/rickardbergeling/GitHub/Datorgrafik-Visualisering/Assignment05/build/CMakeFiles/CMakeTmp/CMAKE_TRY_COMPILE.build/Debug/cmTC_c0b1e.build/Objects-normal/x86_64/cmTC_c0b1e.LinkFileList

CompileC CMAKE_TRY_COMPILE.build/Debug/cmTC_c0b1e.build/Objects-normal/x86_64/src.o src.c normal x86_64 c com.apple.compilers.llvm.clang.1_0.compiler
    cd /Users/rickardbergeling/GitHub/Datorgrafik-Visualisering/Assignment05/build/CMakeFiles/CMakeTmp
    export LANG=en_US.US-ASCII
    /Applications/Xcode.app/Contents/Developer/Toolchains/XcodeDefault.xctoolchain/usr/bin/clang -x c -arch x86_64 -fmessage-length=0 -fdiagnostics-show-note-include-stack -fmacro-backtrace-limit=0 -Wno-trigraphs -fpascal-strings -O0 -Wno-missing-field-initializers -Wno-missing-prototypes -Wno-return-type -Wno-missing-braces -Wparentheses -Wswitch -Wno-unused-function -Wno-unused-label -Wno-unused-parameter -Wno-unused-variable -Wunused-value -Wno-empty-body -Wno-uninitialized -Wno-unknown-pragmas -Wno-shadow -Wno-four-char-constants -Wno-conversion -Wno-constant-conversion -Wno-int-conversion -Wno-bool-conversion -Wno-enum-conversion -Wno-shorten-64-to-32 -Wpointer-sign -Wno-newline-eof -DCMAKE_INTDIR=\"Debug\" -isysroot /Applications/Xcode.app/Contents/Developer/Platforms/MacOSX.platform/Developer/SDKs/MacOSX10.11.sdk -fasm-blocks -fstrict-aliasing -Wdeprecated-declarations -mmacosx-version-min=10.11 -g -Wno-sign-conversion -I/Users/rickardbergeling/GitHub/Datorgrafik-Visualisering/Assignment05/build/CMakeFiles/CMakeTmp/Debug/include -I/Users/rickardbergeling/GitHub/Datorgrafik-Visualisering/Assignment05/build/CMakeFiles/CMakeTmp/CMAKE_TRY_COMPILE.build/Debug/cmTC_c0b1e.build/DerivedSources/x86_64 -I/Users/rickardbergeling/GitHub/Datorgrafik-Visualisering/Assignment05/build/CMakeFiles/CMakeTmp/CMAKE_TRY_COMPILE.build/Debug/cmTC_c0b1e.build/DerivedSources -Wmost -Wno-four-char-constants -Wno-unknown-pragmas -F/Users/rickardbergeling/GitHub/Datorgrafik-Visualisering/Assignment05/build/CMakeFiles/CMakeTmp/Debug -DOpenMP_FLAG_DETECTED -qsmp -MMD -MT dependencies -MF /Users/rickardbergeling/GitHub/Datorgrafik-Visualisering/Assignment05/build/CMakeFiles/CMakeTmp/CMAKE_TRY_COMPILE.build/Debug/cmTC_c0b1e.build/Objects-normal/x86_64/src.d --serialize-diagnostics /Users/rickardbergeling/GitHub/Datorgrafik-Visualisering/Assignment05/build/CMakeFiles/CMakeTmp/CMAKE_TRY_COMPILE.build/Debug/cmTC_c0b1e.build/Objects-normal/x86_64/src.dia -c /Users/rickardbergeling/GitHub/Datorgrafik-Visualisering/Assignment05/build/CMakeFiles/CMakeTmp/src.c -o /Users/rickardbergeling/GitHub/Datorgrafik-Visualisering/Assignment05/build/CMakeFiles/CMakeTmp/CMAKE_TRY_COMPILE.build/Debug/cmTC_c0b1e.build/Objects-normal/x86_64/src.o
clang: error: unknown argument: '-qsmp'

** BUILD FAILED **


The following build commands failed:
	CompileC CMAKE_TRY_COMPILE.build/Debug/cmTC_c0b1e.build/Objects-normal/x86_64/src.o src.c normal x86_64 c com.apple.compilers.llvm.clang.1_0.compiler
(1 failure)

Source file was:

#include <omp.h>
int main() {
#ifdef _OPENMP
  return 0;
#else
  breaks_on_purpose
#endif
}

Performing C SOURCE FILE Test OpenMP_FLAG_DETECTED failed with the following output:
Change Dir: /Users/rickardbergeling/GitHub/Datorgrafik-Visualisering/Assignment05/build/CMakeFiles/CMakeTmp

Run Build Command:"/usr/bin/xcodebuild" "-project" "CMAKE_TRY_COMPILE.xcodeproj" "build" "-target" "cmTC_c83c3" "-configuration" "Debug"
=== BUILD TARGET cmTC_c83c3 OF PROJECT CMAKE_TRY_COMPILE WITH CONFIGURATION Debug ===

Check dependencies

Write auxiliary files
/bin/mkdir -p /Users/rickardbergeling/GitHub/Datorgrafik-Visualisering/Assignment05/build/CMakeFiles/CMakeTmp/CMAKE_TRY_COMPILE.build/Debug/cmTC_c83c3.build/Objects-normal/x86_64
write-file /Users/rickardbergeling/GitHub/Datorgrafik-Visualisering/Assignment05/build/CMakeFiles/CMakeTmp/CMAKE_TRY_COMPILE.build/Debug/cmTC_c83c3.build/Objects-normal/x86_64/cmTC_c83c3.LinkFileList

CompileC CMAKE_TRY_COMPILE.build/Debug/cmTC_c83c3.build/Objects-normal/x86_64/src.o src.c normal x86_64 c com.apple.compilers.llvm.clang.1_0.compiler
    cd /Users/rickardbergeling/GitHub/Datorgrafik-Visualisering/Assignment05/build/CMakeFiles/CMakeTmp
    export LANG=en_US.US-ASCII
    /Applications/Xcode.app/Contents/Developer/Toolchains/XcodeDefault.xctoolchain/usr/bin/clang -x c -arch x86_64 -fmessage-length=0 -fdiagnostics-show-note-include-stack -fmacro-backtrace-limit=0 -Wno-trigraphs -fpascal-strings -O0 -Wno-missing-field-initializers -Wno-missing-prototypes -Wno-return-type -Wno-missing-braces -Wparentheses -Wswitch -Wno-unused-function -Wno-unused-label -Wno-unused-parameter -Wno-unused-variable -Wunused-value -Wno-empty-body -Wno-uninitialized -Wno-unknown-pragmas -Wno-shadow -Wno-four-char-constants -Wno-conversion -Wno-constant-conversion -Wno-int-conversion -Wno-bool-conversion -Wno-enum-conversion -Wno-shorten-64-to-32 -Wpointer-sign -Wno-newline-eof -DCMAKE_INTDIR=\"Debug\" -isysroot /Applications/Xcode.app/Contents/Developer/Platforms/MacOSX.platform/Developer/SDKs/MacOSX10.11.sdk -fasm-blocks -fstrict-aliasing -Wdeprecated-declarations -mmacosx-version-min=10.11 -g -Wno-sign-conversion -I/Users/rickardbergeling/GitHub/Datorgrafik-Visualisering/Assignment05/build/CMakeFiles/CMakeTmp/Debug/include -I/Users/rickardbergeling/GitHub/Datorgrafik-Visualisering/Assignment05/build/CMakeFiles/CMakeTmp/CMAKE_TRY_COMPILE.build/Debug/cmTC_c83c3.build/DerivedSources/x86_64 -I/Users/rickardbergeling/GitHub/Datorgrafik-Visualisering/Assignment05/build/CMakeFiles/CMakeTmp/CMAKE_TRY_COMPILE.build/Debug/cmTC_c83c3.build/DerivedSources -Wmost -Wno-four-char-constants -Wno-unknown-pragmas -F/Users/rickardbergeling/GitHub/Datorgrafik-Visualisering/Assignment05/build/CMakeFiles/CMakeTmp/Debug -DOpenMP_FLAG_DETECTED -mp -MMD -MT dependencies -MF /Users/rickardbergeling/GitHub/Datorgrafik-Visualisering/Assignment05/build/CMakeFiles/CMakeTmp/CMAKE_TRY_COMPILE.build/Debug/cmTC_c83c3.build/Objects-normal/x86_64/src.d --serialize-diagnostics /Users/rickardbergeling/GitHub/Datorgrafik-Visualisering/Assignment05/build/CMakeFiles/CMakeTmp/CMAKE_TRY_COMPILE.build/Debug/cmTC_c83c3.build/Objects-normal/x86_64/src.dia -c /Users/rickardbergeling/GitHub/Datorgrafik-Visualisering/Assignment05/build/CMakeFiles/CMakeTmp/src.c -o /Users/rickardbergeling/GitHub/Datorgrafik-Visualisering/Assignment05/build/CMakeFiles/CMakeTmp/CMAKE_TRY_COMPILE.build/Debug/cmTC_c83c3.build/Objects-normal/x86_64/src.o
clang: error: unknown argument: '-mp'

** BUILD FAILED **


The following build commands failed:
	CompileC CMAKE_TRY_COMPILE.build/Debug/cmTC_c83c3.build/Objects-normal/x86_64/src.o src.c normal x86_64 c com.apple.compilers.llvm.clang.1_0.compiler
(1 failure)

Source file was:

#include <omp.h>
int main() {
#ifdef _OPENMP
  return 0;
#else
  breaks_on_purpose
#endif
}

Performing C++ SOURCE FILE Test OpenMP_FLAG_DETECTED failed with the following output:
Change Dir: /Users/rickardbergeling/GitHub/Datorgrafik-Visualisering/Assignment05/build/CMakeFiles/CMakeTmp

Run Build Command:"/usr/bin/xcodebuild" "-project" "CMAKE_TRY_COMPILE.xcodeproj" "build" "-target" "cmTC_6b089" "-configuration" "Debug"
=== BUILD TARGET cmTC_6b089 OF PROJECT CMAKE_TRY_COMPILE WITH CONFIGURATION Debug ===

Check dependencies

Write auxiliary files
/bin/mkdir -p /Users/rickardbergeling/GitHub/Datorgrafik-Visualisering/Assignment05/build/CMakeFiles/CMakeTmp/CMAKE_TRY_COMPILE.build/Debug/cmTC_6b089.build/Objects-normal/x86_64
write-file /Users/rickardbergeling/GitHub/Datorgrafik-Visualisering/Assignment05/build/CMakeFiles/CMakeTmp/CMAKE_TRY_COMPILE.build/Debug/cmTC_6b089.build/Objects-normal/x86_64/cmTC_6b089.LinkFileList

CompileC CMAKE_TRY_COMPILE.build/Debug/cmTC_6b089.build/Objects-normal/x86_64/src.o src.cxx normal x86_64 c++ com.apple.compilers.llvm.clang.1_0.compiler
    cd /Users/rickardbergeling/GitHub/Datorgrafik-Visualisering/Assignment05/build/CMakeFiles/CMakeTmp
    export LANG=en_US.US-ASCII
    /Applications/Xcode.app/Contents/Developer/Toolchains/XcodeDefault.xctoolchain/usr/bin/clang -x c++ -arch x86_64 -fmessage-length=0 -fdiagnostics-show-note-include-stack -fmacro-backtrace-limit=0 -Wno-trigraphs -fpascal-strings -O0 -Wno-missing-field-initializers -Wno-missing-prototypes -Wno-return-type -Wno-non-virtual-dtor -Wno-overloaded-virtual -Wno-exit-time-destructors -Wno-missing-braces -Wparentheses -Wswitch -Wno-unused-function -Wno-unused-label -Wno-unused-parameter -Wno-unused-variable -Wunused-value -Wno-empty-body -Wno-uninitialized -Wno-unknown-pragmas -Wno-shadow -Wno-four-char-constants -Wno-conversion -Wno-constant-conversion -Wno-int-conversion -Wno-bool-conversion -Wno-enum-conversion -Wno-shorten-64-to-32 -Wno-newline-eof -Wno-c++11-extensions -DCMAKE_INTDIR=\"Debug\" -isysroot /Applications/Xcode.app/Contents/Developer/Platforms/MacOSX.platform/Developer/SDKs/MacOSX10.11.sdk -fasm-blocks -fstrict-aliasing -Wdeprecated-declarations -Winvalid-offsetof -mmacosx-version-min=10.11 -g -Wno-sign-conversion -I/Users/rickardbergeling/GitHub/Datorgrafik-Visualisering/Assignment05/build/CMakeFiles/CMakeTmp/Debug/include -I/Users/rickardbergeling/GitHub/Datorgrafik-Visualisering/Assignment05/build/CMakeFiles/CMakeTmp/CMAKE_TRY_COMPILE.build/Debug/cmTC_6b089.build/DerivedSources/x86_64 -I/Users/rickardbergeling/GitHub/Datorgrafik-Visualisering/Assignment05/build/CMakeFiles/CMakeTmp/CMAKE_TRY_COMPILE.build/Debug/cmTC_6b089.build/DerivedSources -Wmost -Wno-four-char-constants -Wno-unknown-pragmas -F/Users/rickardbergeling/GitHub/Datorgrafik-Visualisering/Assignment05/build/CMakeFiles/CMakeTmp/Debug -DOpenMP_FLAG_DETECTED -MMD -MT dependencies -MF /Users/rickardbergeling/GitHub/Datorgrafik-Visualisering/Assignment05/build/CMakeFiles/CMakeTmp/CMAKE_TRY_COMPILE.build/Debug/cmTC_6b089.build/Objects-normal/x86_64/src.d --serialize-diagnostics /Users/rickardbergeling/GitHub/Datorgrafik-Visualisering/Assignment05/build/CMakeFiles/CMakeTmp/CMAKE_TRY_COMPILE.build/Debug/cmTC_6b089.build/Objects-normal/x86_64/src.dia -c /Users/rickardbergeling/GitHub/Datorgrafik-Visualisering/Assignment05/build/CMakeFiles/CMakeTmp/src.cxx -o /Users/rickardbergeling/GitHub/Datorgrafik-Visualisering/Assignment05/build/CMakeFiles/CMakeTmp/CMAKE_TRY_COMPILE.build/Debug/cmTC_6b089.build/Objects-normal/x86_64/src.o
/Users/rickardbergeling/GitHub/Datorgrafik-Visualisering/Assignment05/build/CMakeFiles/CMakeTmp/src.cxx:2:10: fatal error: 'omp.h' file not found
#include <omp.h>
         ^
1 error generated.

** BUILD FAILED **


The following build commands failed:
	CompileC CMAKE_TRY_COMPILE.build/Debug/cmTC_6b089.build/Objects-normal/x86_64/src.o src.cxx normal x86_64 c++ com.apple.compilers.llvm.clang.1_0.compiler
(1 failure)

Source file was:

#include <omp.h>
int main() {
#ifdef _OPENMP
  return 0;
#else
  breaks_on_purpose
#endif
}

Performing C++ SOURCE FILE Test OpenMP_FLAG_DETECTED failed with the following output:
Change Dir: /Users/rickardbergeling/GitHub/Datorgrafik-Visualisering/Assignment05/build/CMakeFiles/CMakeTmp

Run Build Command:"/usr/bin/xcodebuild" "-project" "CMAKE_TRY_COMPILE.xcodeproj" "build" "-target" "cmTC_99b5d" "-configuration" "Debug"
=== BUILD TARGET cmTC_99b5d OF PROJECT CMAKE_TRY_COMPILE WITH CONFIGURATION Debug ===

Check dependencies

Write auxiliary files
/bin/mkdir -p /Users/rickardbergeling/GitHub/Datorgrafik-Visualisering/Assignment05/build/CMakeFiles/CMakeTmp/CMAKE_TRY_COMPILE.build/Debug/cmTC_99b5d.build/Objects-normal/x86_64
write-file /Users/rickardbergeling/GitHub/Datorgrafik-Visualisering/Assignment05/build/CMakeFiles/CMakeTmp/CMAKE_TRY_COMPILE.build/Debug/cmTC_99b5d.build/Objects-normal/x86_64/cmTC_99b5d.LinkFileList

CompileC CMAKE_TRY_COMPILE.build/Debug/cmTC_99b5d.build/Objects-normal/x86_64/src.o src.cxx normal x86_64 c++ com.apple.compilers.llvm.clang.1_0.compiler
    cd /Users/rickardbergeling/GitHub/Datorgrafik-Visualisering/Assignment05/build/CMakeFiles/CMakeTmp
    export LANG=en_US.US-ASCII
    /Applications/Xcode.app/Contents/Developer/Toolchains/XcodeDefault.xctoolchain/usr/bin/clang -x c++ -arch x86_64 -fmessage-length=0 -fdiagnostics-show-note-include-stack -fmacro-backtrace-limit=0 -Wno-trigraphs -fpascal-strings -O0 -Wno-missing-field-initializers -Wno-missing-prototypes -Wno-return-type -Wno-non-virtual-dtor -Wno-overloaded-virtual -Wno-exit-time-destructors -Wno-missing-braces -Wparentheses -Wswitch -Wno-unused-function -Wno-unused-label -Wno-unused-parameter -Wno-unused-variable -Wunused-value -Wno-empty-body -Wno-uninitialized -Wno-unknown-pragmas -Wno-shadow -Wno-four-char-constants -Wno-conversion -Wno-constant-conversion -Wno-int-conversion -Wno-bool-conversion -Wno-enum-conversion -Wno-shorten-64-to-32 -Wno-newline-eof -Wno-c++11-extensions -DCMAKE_INTDIR=\"Debug\" -isysroot /Applications/Xcode.app/Contents/Developer/Platforms/MacOSX.platform/Developer/SDKs/MacOSX10.11.sdk -fasm-blocks -fstrict-aliasing -Wdeprecated-declarations -Winvalid-offsetof -mmacosx-version-min=10.11 -g -Wno-sign-conversion -I/Users/rickardbergeling/GitHub/Datorgrafik-Visualisering/Assignment05/build/CMakeFiles/CMakeTmp/Debug/include -I/Users/rickardbergeling/GitHub/Datorgrafik-Visualisering/Assignment05/build/CMakeFiles/CMakeTmp/CMAKE_TRY_COMPILE.build/Debug/cmTC_99b5d.build/DerivedSources/x86_64 -I/Users/rickardbergeling/GitHub/Datorgrafik-Visualisering/Assignment05/build/CMakeFiles/CMakeTmp/CMAKE_TRY_COMPILE.build/Debug/cmTC_99b5d.build/DerivedSources -Wmost -Wno-four-char-constants -Wno-unknown-pragmas -F/Users/rickardbergeling/GitHub/Datorgrafik-Visualisering/Assignment05/build/CMakeFiles/CMakeTmp/Debug -DOpenMP_FLAG_DETECTED -fopenmp -MMD -MT dependencies -MF /Users/rickardbergeling/GitHub/Datorgrafik-Visualisering/Assignment05/build/CMakeFiles/CMakeTmp/CMAKE_TRY_COMPILE.build/Debug/cmTC_99b5d.build/Objects-normal/x86_64/src.d --serialize-diagnostics /Users/rickardbergeling/GitHub/Datorgrafik-Visualisering/Assignment05/build/CMakeFiles/CMakeTmp/CMAKE_TRY_COMPILE.build/Debug/cmTC_99b5d.build/Objects-normal/x86_64/src.dia -c /Users/rickardbergeling/GitHub/Datorgrafik-Visualisering/Assignment05/build/CMakeFiles/CMakeTmp/src.cxx -o /Users/rickardbergeling/GitHub/Datorgrafik-Visualisering/Assignment05/build/CMakeFiles/CMakeTmp/CMAKE_TRY_COMPILE.build/Debug/cmTC_99b5d.build/Objects-normal/x86_64/src.o
/Users/rickardbergeling/GitHub/Datorgrafik-Visualisering/Assignment05/build/CMakeFiles/CMakeTmp/src.cxx:2:10: fatal error: 'omp.h' file not found
#include <omp.h>
         ^
1 error generated.

** BUILD FAILED **


The following build commands failed:
	CompileC CMAKE_TRY_COMPILE.build/Debug/cmTC_99b5d.build/Objects-normal/x86_64/src.o src.cxx normal x86_64 c++ com.apple.compilers.llvm.clang.1_0.compiler
(1 failure)

Source file was:

#include <omp.h>
int main() {
#ifdef _OPENMP
  return 0;
#else
  breaks_on_purpose
#endif
}

Performing C++ SOURCE FILE Test OpenMP_FLAG_DETECTED failed with the following output:
Change Dir: /Users/rickardbergeling/GitHub/Datorgrafik-Visualisering/Assignment05/build/CMakeFiles/CMakeTmp

Run Build Command:"/usr/bin/xcodebuild" "-project" "CMAKE_TRY_COMPILE.xcodeproj" "build" "-target" "cmTC_3c769" "-configuration" "Debug"
=== BUILD TARGET cmTC_3c769 OF PROJECT CMAKE_TRY_COMPILE WITH CONFIGURATION Debug ===

Check dependencies

Write auxiliary files
/bin/mkdir -p /Users/rickardbergeling/GitHub/Datorgrafik-Visualisering/Assignment05/build/CMakeFiles/CMakeTmp/CMAKE_TRY_COMPILE.build/Debug/cmTC_3c769.build/Objects-normal/x86_64
write-file /Users/rickardbergeling/GitHub/Datorgrafik-Visualisering/Assignment05/build/CMakeFiles/CMakeTmp/CMAKE_TRY_COMPILE.build/Debug/cmTC_3c769.build/Objects-normal/x86_64/cmTC_3c769.LinkFileList

CompileC CMAKE_TRY_COMPILE.build/Debug/cmTC_3c769.build/Objects-normal/x86_64/src.o src.cxx normal x86_64 c++ com.apple.compilers.llvm.clang.1_0.compiler
    cd /Users/rickardbergeling/GitHub/Datorgrafik-Visualisering/Assignment05/build/CMakeFiles/CMakeTmp
    export LANG=en_US.US-ASCII
    /Applications/Xcode.app/Contents/Developer/Toolchains/XcodeDefault.xctoolchain/usr/bin/clang -x c++ -arch x86_64 -fmessage-length=0 -fdiagnostics-show-note-include-stack -fmacro-backtrace-limit=0 -Wno-trigraphs -fpascal-strings -O0 -Wno-missing-field-initializers -Wno-missing-prototypes -Wno-return-type -Wno-non-virtual-dtor -Wno-overloaded-virtual -Wno-exit-time-destructors -Wno-missing-braces -Wparentheses -Wswitch -Wno-unused-function -Wno-unused-label -Wno-unused-parameter -Wno-unused-variable -Wunused-value -Wno-empty-body -Wno-uninitialized -Wno-unknown-pragmas -Wno-shadow -Wno-four-char-constants -Wno-conversion -Wno-constant-conversion -Wno-int-conversion -Wno-bool-conversion -Wno-enum-conversion -Wno-shorten-64-to-32 -Wno-newline-eof -Wno-c++11-extensions -DCMAKE_INTDIR=\"Debug\" -isysroot /Applications/Xcode.app/Contents/Developer/Platforms/MacOSX.platform/Developer/SDKs/MacOSX10.11.sdk -fasm-blocks -fstrict-aliasing -Wdeprecated-declarations -Winvalid-offsetof -mmacosx-version-min=10.11 -g -Wno-sign-conversion -I/Users/rickardbergeling/GitHub/Datorgrafik-Visualisering/Assignment05/build/CMakeFiles/CMakeTmp/Debug/include -I/Users/rickardbergeling/GitHub/Datorgrafik-Visualisering/Assignment05/build/CMakeFiles/CMakeTmp/CMAKE_TRY_COMPILE.build/Debug/cmTC_3c769.build/DerivedSources/x86_64 -I/Users/rickardbergeling/GitHub/Datorgrafik-Visualisering/Assignment05/build/CMakeFiles/CMakeTmp/CMAKE_TRY_COMPILE.build/Debug/cmTC_3c769.build/DerivedSources -Wmost -Wno-four-char-constants -Wno-unknown-pragmas -F/Users/rickardbergeling/GitHub/Datorgrafik-Visualisering/Assignment05/build/CMakeFiles/CMakeTmp/Debug -DOpenMP_FLAG_DETECTED /openmp -MMD -MT dependencies -MF /Users/rickardbergeling/GitHub/Datorgrafik-Visualisering/Assignment05/build/CMakeFiles/CMakeTmp/CMAKE_TRY_COMPILE.build/Debug/cmTC_3c769.build/Objects-normal/x86_64/src.d --serialize-diagnostics /Users/rickardbergeling/GitHub/Datorgrafik-Visualisering/Assignment05/build/CMakeFiles/CMakeTmp/CMAKE_TRY_COMPILE.build/Debug/cmTC_3c769.build/Objects-normal/x86_64/src.dia -c /Users/rickardbergeling/GitHub/Datorgrafik-Visualisering/Assignment05/build/CMakeFiles/CMakeTmp/src.cxx -o /Users/rickardbergeling/GitHub/Datorgrafik-Visualisering/Assignment05/build/CMakeFiles/CMakeTmp/CMAKE_TRY_COMPILE.build/Debug/cmTC_3c769.build/Objects-normal/x86_64/src.o
clang: error: no such file or directory: '/openmp'

** BUILD FAILED **


The following build commands failed:
	CompileC CMAKE_TRY_COMPILE.build/Debug/cmTC_3c769.build/Objects-normal/x86_64/src.o src.cxx normal x86_64 c++ com.apple.compilers.llvm.clang.1_0.compiler
(1 failure)

Source file was:

#include <omp.h>
int main() {
#ifdef _OPENMP
  return 0;
#else
  breaks_on_purpose
#endif
}

Performing C++ SOURCE FILE Test OpenMP_FLAG_DETECTED failed with the following output:
Change Dir: /Users/rickardbergeling/GitHub/Datorgrafik-Visualisering/Assignment05/build/CMakeFiles/CMakeTmp

Run Build Command:"/usr/bin/xcodebuild" "-project" "CMAKE_TRY_COMPILE.xcodeproj" "build" "-target" "cmTC_41daa" "-configuration" "Debug"
=== BUILD TARGET cmTC_41daa OF PROJECT CMAKE_TRY_COMPILE WITH CONFIGURATION Debug ===

Check dependencies

Write auxiliary files
/bin/mkdir -p /Users/rickardbergeling/GitHub/Datorgrafik-Visualisering/Assignment05/build/CMakeFiles/CMakeTmp/CMAKE_TRY_COMPILE.build/Debug/cmTC_41daa.build/Objects-normal/x86_64
write-file /Users/rickardbergeling/GitHub/Datorgrafik-Visualisering/Assignment05/build/CMakeFiles/CMakeTmp/CMAKE_TRY_COMPILE.build/Debug/cmTC_41daa.build/Objects-normal/x86_64/cmTC_41daa.LinkFileList

CompileC CMAKE_TRY_COMPILE.build/Debug/cmTC_41daa.build/Objects-normal/x86_64/src.o src.cxx normal x86_64 c++ com.apple.compilers.llvm.clang.1_0.compiler
    cd /Users/rickardbergeling/GitHub/Datorgrafik-Visualisering/Assignment05/build/CMakeFiles/CMakeTmp
    export LANG=en_US.US-ASCII
    /Applications/Xcode.app/Contents/Developer/Toolchains/XcodeDefault.xctoolchain/usr/bin/clang -x c++ -arch x86_64 -fmessage-length=0 -fdiagnostics-show-note-include-stack -fmacro-backtrace-limit=0 -Wno-trigraphs -fpascal-strings -O0 -Wno-missing-field-initializers -Wno-missing-prototypes -Wno-return-type -Wno-non-virtual-dtor -Wno-overloaded-virtual -Wno-exit-time-destructors -Wno-missing-braces -Wparentheses -Wswitch -Wno-unused-function -Wno-unused-label -Wno-unused-parameter -Wno-unused-variable -Wunused-value -Wno-empty-body -Wno-uninitialized -Wno-unknown-pragmas -Wno-shadow -Wno-four-char-constants -Wno-conversion -Wno-constant-conversion -Wno-int-conversion -Wno-bool-conversion -Wno-enum-conversion -Wno-shorten-64-to-32 -Wno-newline-eof -Wno-c++11-extensions -DCMAKE_INTDIR=\"Debug\" -isysroot /Applications/Xcode.app/Contents/Developer/Platforms/MacOSX.platform/Developer/SDKs/MacOSX10.11.sdk -fasm-blocks -fstrict-aliasing -Wdeprecated-declarations -Winvalid-offsetof -mmacosx-version-min=10.11 -g -Wno-sign-conversion -I/Users/rickardbergeling/GitHub/Datorgrafik-Visualisering/Assignment05/build/CMakeFiles/CMakeTmp/Debug/include -I/Users/rickardbergeling/GitHub/Datorgrafik-Visualisering/Assignment05/build/CMakeFiles/CMakeTmp/CMAKE_TRY_COMPILE.build/Debug/cmTC_41daa.build/DerivedSources/x86_64 -I/Users/rickardbergeling/GitHub/Datorgrafik-Visualisering/Assignment05/build/CMakeFiles/CMakeTmp/CMAKE_TRY_COMPILE.build/Debug/cmTC_41daa.build/DerivedSources -Wmost -Wno-four-char-constants -Wno-unknown-pragmas -F/Users/rickardbergeling/GitHub/Datorgrafik-Visualisering/Assignment05/build/CMakeFiles/CMakeTmp/Debug -DOpenMP_FLAG_DETECTED -Qopenmp -MMD -MT dependencies -MF /Users/rickardbergeling/GitHub/Datorgrafik-Visualisering/Assignment05/build/CMakeFiles/CMakeTmp/CMAKE_TRY_COMPILE.build/Debug/cmTC_41daa.build/Objects-normal/x86_64/src.d --serialize-diagnostics /Users/rickardbergeling/GitHub/Datorgrafik-Visualisering/Assignment05/build/CMakeFiles/CMakeTmp/CMAKE_TRY_COMPILE.build/Debug/cmTC_41daa.build/Objects-normal/x86_64/src.dia -c /Users/rickardbergeling/GitHub/Datorgrafik-Visualisering/Assignment05/build/CMakeFiles/CMakeTmp/src.cxx -o /Users/rickardbergeling/GitHub/Datorgrafik-Visualisering/Assignment05/build/CMakeFiles/CMakeTmp/CMAKE_TRY_COMPILE.build/Debug/cmTC_41daa.build/Objects-normal/x86_64/src.o
clang: error: unknown argument: '-Qopenmp'

** BUILD FAILED **


The following build commands failed:
	CompileC CMAKE_TRY_COMPILE.build/Debug/cmTC_41daa.build/Objects-normal/x86_64/src.o src.cxx normal x86_64 c++ com.apple.compilers.llvm.clang.1_0.compiler
(1 failure)

Source file was:

#include <omp.h>
int main() {
#ifdef _OPENMP
  return 0;
#else
  breaks_on_purpose
#endif
}

Performing C++ SOURCE FILE Test OpenMP_FLAG_DETECTED failed with the following output:
Change Dir: /Users/rickardbergeling/GitHub/Datorgrafik-Visualisering/Assignment05/build/CMakeFiles/CMakeTmp

Run Build Command:"/usr/bin/xcodebuild" "-project" "CMAKE_TRY_COMPILE.xcodeproj" "build" "-target" "cmTC_1ba63" "-configuration" "Debug"
=== BUILD TARGET cmTC_1ba63 OF PROJECT CMAKE_TRY_COMPILE WITH CONFIGURATION Debug ===

Check dependencies

Write auxiliary files
/bin/mkdir -p /Users/rickardbergeling/GitHub/Datorgrafik-Visualisering/Assignment05/build/CMakeFiles/CMakeTmp/CMAKE_TRY_COMPILE.build/Debug/cmTC_1ba63.build/Objects-normal/x86_64
write-file /Users/rickardbergeling/GitHub/Datorgrafik-Visualisering/Assignment05/build/CMakeFiles/CMakeTmp/CMAKE_TRY_COMPILE.build/Debug/cmTC_1ba63.build/Objects-normal/x86_64/cmTC_1ba63.LinkFileList

CompileC CMAKE_TRY_COMPILE.build/Debug/cmTC_1ba63.build/Objects-normal/x86_64/src.o src.cxx normal x86_64 c++ com.apple.compilers.llvm.clang.1_0.compiler
    cd /Users/rickardbergeling/GitHub/Datorgrafik-Visualisering/Assignment05/build/CMakeFiles/CMakeTmp
    export LANG=en_US.US-ASCII
    /Applications/Xcode.app/Contents/Developer/Toolchains/XcodeDefault.xctoolchain/usr/bin/clang -x c++ -arch x86_64 -fmessage-length=0 -fdiagnostics-show-note-include-stack -fmacro-backtrace-limit=0 -Wno-trigraphs -fpascal-strings -O0 -Wno-missing-field-initializers -Wno-missing-prototypes -Wno-return-type -Wno-non-virtual-dtor -Wno-overloaded-virtual -Wno-exit-time-destructors -Wno-missing-braces -Wparentheses -Wswitch -Wno-unused-function -Wno-unused-label -Wno-unused-parameter -Wno-unused-variable -Wunused-value -Wno-empty-body -Wno-uninitialized -Wno-unknown-pragmas -Wno-shadow -Wno-four-char-constants -Wno-conversion -Wno-constant-conversion -Wno-int-conversion -Wno-bool-conversion -Wno-enum-conversion -Wno-shorten-64-to-32 -Wno-newline-eof -Wno-c++11-extensions -DCMAKE_INTDIR=\"Debug\" -isysroot /Applications/Xcode.app/Contents/Developer/Platforms/MacOSX.platform/Developer/SDKs/MacOSX10.11.sdk -fasm-blocks -fstrict-aliasing -Wdeprecated-declarations -Winvalid-offsetof -mmacosx-version-min=10.11 -g -Wno-sign-conversion -I/Users/rickardbergeling/GitHub/Datorgrafik-Visualisering/Assignment05/build/CMakeFiles/CMakeTmp/Debug/include -I/Users/rickardbergeling/GitHub/Datorgrafik-Visualisering/Assignment05/build/CMakeFiles/CMakeTmp/CMAKE_TRY_COMPILE.build/Debug/cmTC_1ba63.build/DerivedSources/x86_64 -I/Users/rickardbergeling/GitHub/Datorgrafik-Visualisering/Assignment05/build/CMakeFiles/CMakeTmp/CMAKE_TRY_COMPILE.build/Debug/cmTC_1ba63.build/DerivedSources -Wmost -Wno-four-char-constants -Wno-unknown-pragmas -F/Users/rickardbergeling/GitHub/Datorgrafik-Visualisering/Assignment05/build/CMakeFiles/CMakeTmp/Debug -DOpenMP_FLAG_DETECTED -openmp -MMD -MT dependencies -MF /Users/rickardbergeling/GitHub/Datorgrafik-Visualisering/Assignment05/build/CMakeFiles/CMakeTmp/CMAKE_TRY_COMPILE.build/Debug/cmTC_1ba63.build/Objects-normal/x86_64/src.d --serialize-diagnostics /Users/rickardbergeling/GitHub/Datorgrafik-Visualisering/Assignment05/build/CMakeFiles/CMakeTmp/CMAKE_TRY_COMPILE.build/Debug/cmTC_1ba63.build/Objects-normal/x86_64/src.dia -c /Users/rickardbergeling/GitHub/Datorgrafik-Visualisering/Assignment05/build/CMakeFiles/CMakeTmp/src.cxx -o /Users/rickardbergeling/GitHub/Datorgrafik-Visualisering/Assignment05/build/CMakeFiles/CMakeTmp/CMAKE_TRY_COMPILE.build/Debug/cmTC_1ba63.build/Objects-normal/x86_64/src.o
/Users/rickardbergeling/GitHub/Datorgrafik-Visualisering/Assignment05/build/CMakeFiles/CMakeTmp/src.cxx:2:10: fatal error: 'omp.h' file not found
#include <omp.h>
         ^
1 error generated.

** BUILD FAILED **


The following build commands failed:
	CompileC CMAKE_TRY_COMPILE.build/Debug/cmTC_1ba63.build/Objects-normal/x86_64/src.o src.cxx normal x86_64 c++ com.apple.compilers.llvm.clang.1_0.compiler
(1 failure)

Source file was:

#include <omp.h>
int main() {
#ifdef _OPENMP
  return 0;
#else
  breaks_on_purpose
#endif
}

Performing C++ SOURCE FILE Test OpenMP_FLAG_DETECTED failed with the following output:
Change Dir: /Users/rickardbergeling/GitHub/Datorgrafik-Visualisering/Assignment05/build/CMakeFiles/CMakeTmp

Run Build Command:"/usr/bin/xcodebuild" "-project" "CMAKE_TRY_COMPILE.xcodeproj" "build" "-target" "cmTC_68eef" "-configuration" "Debug"
=== BUILD TARGET cmTC_68eef OF PROJECT CMAKE_TRY_COMPILE WITH CONFIGURATION Debug ===

Check dependencies

Write auxiliary files
/bin/mkdir -p /Users/rickardbergeling/GitHub/Datorgrafik-Visualisering/Assignment05/build/CMakeFiles/CMakeTmp/CMAKE_TRY_COMPILE.build/Debug/cmTC_68eef.build/Objects-normal/x86_64
write-file /Users/rickardbergeling/GitHub/Datorgrafik-Visualisering/Assignment05/build/CMakeFiles/CMakeTmp/CMAKE_TRY_COMPILE.build/Debug/cmTC_68eef.build/Objects-normal/x86_64/cmTC_68eef.LinkFileList

CompileC CMAKE_TRY_COMPILE.build/Debug/cmTC_68eef.build/Objects-normal/x86_64/src.o src.cxx normal x86_64 c++ com.apple.compilers.llvm.clang.1_0.compiler
    cd /Users/rickardbergeling/GitHub/Datorgrafik-Visualisering/Assignment05/build/CMakeFiles/CMakeTmp
    export LANG=en_US.US-ASCII
    /Applications/Xcode.app/Contents/Developer/Toolchains/XcodeDefault.xctoolchain/usr/bin/clang -x c++ -arch x86_64 -fmessage-length=0 -fdiagnostics-show-note-include-stack -fmacro-backtrace-limit=0 -Wno-trigraphs -fpascal-strings -O0 -Wno-missing-field-initializers -Wno-missing-prototypes -Wno-return-type -Wno-non-virtual-dtor -Wno-overloaded-virtual -Wno-exit-time-destructors -Wno-missing-braces -Wparentheses -Wswitch -Wno-unused-function -Wno-unused-label -Wno-unused-parameter -Wno-unused-variable -Wunused-value -Wno-empty-body -Wno-uninitialized -Wno-unknown-pragmas -Wno-shadow -Wno-four-char-constants -Wno-conversion -Wno-constant-conversion -Wno-int-conversion -Wno-bool-conversion -Wno-enum-conversion -Wno-shorten-64-to-32 -Wno-newline-eof -Wno-c++11-extensions -DCMAKE_INTDIR=\"Debug\" -isysroot /Applications/Xcode.app/Contents/Developer/Platforms/MacOSX.platform/Developer/SDKs/MacOSX10.11.sdk -fasm-blocks -fstrict-aliasing -Wdeprecated-declarations -Winvalid-offsetof -mmacosx-version-min=10.11 -g -Wno-sign-conversion -I/Users/rickardbergeling/GitHub/Datorgrafik-Visualisering/Assignment05/build/CMakeFiles/CMakeTmp/Debug/include -I/Users/rickardbergeling/GitHub/Datorgrafik-Visualisering/Assignment05/build/CMakeFiles/CMakeTmp/CMAKE_TRY_COMPILE.build/Debug/cmTC_68eef.build/DerivedSources/x86_64 -I/Users/rickardbergeling/GitHub/Datorgrafik-Visualisering/Assignment05/build/CMakeFiles/CMakeTmp/CMAKE_TRY_COMPILE.build/Debug/cmTC_68eef.build/DerivedSources -Wmost -Wno-four-char-constants -Wno-unknown-pragmas -F/Users/rickardbergeling/GitHub/Datorgrafik-Visualisering/Assignment05/build/CMakeFiles/CMakeTmp/Debug -DOpenMP_FLAG_DETECTED -xopenmp -MMD -MT dependencies -MF /Users/rickardbergeling/GitHub/Datorgrafik-Visualisering/Assignment05/build/CMakeFiles/CMakeTmp/CMAKE_TRY_COMPILE.build/Debug/cmTC_68eef.build/Objects-normal/x86_64/src.d --serialize-diagnostics /Users/rickardbergeling/GitHub/Datorgrafik-Visualisering/Assignment05/build/CMakeFiles/CMakeTmp/CMAKE_TRY_COMPILE.build/Debug/cmTC_68eef.build/Objects-normal/x86_64/src.dia -c /Users/rickardbergeling/GitHub/Datorgrafik-Visualisering/Assignment05/build/CMakeFiles/CMakeTmp/src.cxx -o /Users/rickardbergeling/GitHub/Datorgrafik-Visualisering/Assignment05/build/CMakeFiles/CMakeTmp/CMAKE_TRY_COMPILE.build/Debug/cmTC_68eef.build/Objects-normal/x86_64/src.o
clang: error: language not recognized: 'openmp'
clang: warning: /Users/rickardbergeling/GitHub/Datorgrafik-Visualisering/Assignment05/build/CMakeFiles/CMakeTmp/src.cxx: 'linker' input unused

** BUILD FAILED **


The following build commands failed:
	CompileC CMAKE_TRY_COMPILE.build/Debug/cmTC_68eef.build/Objects-normal/x86_64/src.o src.cxx normal x86_64 c++ com.apple.compilers.llvm.clang.1_0.compiler
(1 failure)

Source file was:

#include <omp.h>
int main() {
#ifdef _OPENMP
  return 0;
#else
  breaks_on_purpose
#endif
}

Performing C++ SOURCE FILE Test OpenMP_FLAG_DETECTED failed with the following output:
Change Dir: /Users/rickardbergeling/GitHub/Datorgrafik-Visualisering/Assignment05/build/CMakeFiles/CMakeTmp

Run Build Command:"/usr/bin/xcodebuild" "-project" "CMAKE_TRY_COMPILE.xcodeproj" "build" "-target" "cmTC_94043" "-configuration" "Debug"
=== BUILD TARGET cmTC_94043 OF PROJECT CMAKE_TRY_COMPILE WITH CONFIGURATION Debug ===

Check dependencies

Write auxiliary files
/bin/mkdir -p /Users/rickardbergeling/GitHub/Datorgrafik-Visualisering/Assignment05/build/CMakeFiles/CMakeTmp/CMAKE_TRY_COMPILE.build/Debug/cmTC_94043.build/Objects-normal/x86_64
write-file /Users/rickardbergeling/GitHub/Datorgrafik-Visualisering/Assignment05/build/CMakeFiles/CMakeTmp/CMAKE_TRY_COMPILE.build/Debug/cmTC_94043.build/Objects-normal/x86_64/cmTC_94043.LinkFileList

CompileC CMAKE_TRY_COMPILE.build/Debug/cmTC_94043.build/Objects-normal/x86_64/src.o src.cxx normal x86_64 c++ com.apple.compilers.llvm.clang.1_0.compiler
    cd /Users/rickardbergeling/GitHub/Datorgrafik-Visualisering/Assignment05/build/CMakeFiles/CMakeTmp
    export LANG=en_US.US-ASCII
    /Applications/Xcode.app/Contents/Developer/Toolchains/XcodeDefault.xctoolchain/usr/bin/clang -x c++ -arch x86_64 -fmessage-length=0 -fdiagnostics-show-note-include-stack -fmacro-backtrace-limit=0 -Wno-trigraphs -fpascal-strings -O0 -Wno-missing-field-initializers -Wno-missing-prototypes -Wno-return-type -Wno-non-virtual-dtor -Wno-overloaded-virtual -Wno-exit-time-destructors -Wno-missing-braces -Wparentheses -Wswitch -Wno-unused-function -Wno-unused-label -Wno-unused-parameter -Wno-unused-variable -Wunused-value -Wno-empty-body -Wno-uninitialized -Wno-unknown-pragmas -Wno-shadow -Wno-four-char-constants -Wno-conversion -Wno-constant-conversion -Wno-int-conversion -Wno-bool-conversion -Wno-enum-conversion -Wno-shorten-64-to-32 -Wno-newline-eof -Wno-c++11-extensions -DCMAKE_INTDIR=\"Debug\" -isysroot /Applications/Xcode.app/Contents/Developer/Platforms/MacOSX.platform/Developer/SDKs/MacOSX10.11.sdk -fasm-blocks -fstrict-aliasing -Wdeprecated-declarations -Winvalid-offsetof -mmacosx-version-min=10.11 -g -Wno-sign-conversion -I/Users/rickardbergeling/GitHub/Datorgrafik-Visualisering/Assignment05/build/CMakeFiles/CMakeTmp/Debug/include -I/Users/rickardbergeling/GitHub/Datorgrafik-Visualisering/Assignment05/build/CMakeFiles/CMakeTmp/CMAKE_TRY_COMPILE.build/Debug/cmTC_94043.build/DerivedSources/x86_64 -I/Users/rickardbergeling/GitHub/Datorgrafik-Visualisering/Assignment05/build/CMakeFiles/CMakeTmp/CMAKE_TRY_COMPILE.build/Debug/cmTC_94043.build/DerivedSources -Wmost -Wno-four-char-constants -Wno-unknown-pragmas -F/Users/rickardbergeling/GitHub/Datorgrafik-Visualisering/Assignment05/build/CMakeFiles/CMakeTmp/Debug -DOpenMP_FLAG_DETECTED +Oopenmp -MMD -MT dependencies -MF /Users/rickardbergeling/GitHub/Datorgrafik-Visualisering/Assignment05/build/CMakeFiles/CMakeTmp/CMAKE_TRY_COMPILE.build/Debug/cmTC_94043.build/Objects-normal/x86_64/src.d --serialize-diagnostics /Users/rickardbergeling/GitHub/Datorgrafik-Visualisering/Assignment05/build/CMakeFiles/CMakeTmp/CMAKE_TRY_COMPILE.build/Debug/cmTC_94043.build/Objects-normal/x86_64/src.dia -c /Users/rickardbergeling/GitHub/Datorgrafik-Visualisering/Assignment05/build/CMakeFiles/CMakeTmp/src.cxx -o /Users/rickardbergeling/GitHub/Datorgrafik-Visualisering/Assignment05/build/CMakeFiles/CMakeTmp/CMAKE_TRY_COMPILE.build/Debug/cmTC_94043.build/Objects-normal/x86_64/src.o
clang: error: no such file or directory: '+Oopenmp'

** BUILD FAILED **


The following build commands failed:
	CompileC CMAKE_TRY_COMPILE.build/Debug/cmTC_94043.build/Objects-normal/x86_64/src.o src.cxx normal x86_64 c++ com.apple.compilers.llvm.clang.1_0.compiler
(1 failure)

Source file was:

#include <omp.h>
int main() {
#ifdef _OPENMP
  return 0;
#else
  breaks_on_purpose
#endif
}

Performing C++ SOURCE FILE Test OpenMP_FLAG_DETECTED failed with the following output:
Change Dir: /Users/rickardbergeling/GitHub/Datorgrafik-Visualisering/Assignment05/build/CMakeFiles/CMakeTmp

Run Build Command:"/usr/bin/xcodebuild" "-project" "CMAKE_TRY_COMPILE.xcodeproj" "build" "-target" "cmTC_55b4d" "-configuration" "Debug"
=== BUILD TARGET cmTC_55b4d OF PROJECT CMAKE_TRY_COMPILE WITH CONFIGURATION Debug ===

Check dependencies

Write auxiliary files
/bin/mkdir -p /Users/rickardbergeling/GitHub/Datorgrafik-Visualisering/Assignment05/build/CMakeFiles/CMakeTmp/CMAKE_TRY_COMPILE.build/Debug/cmTC_55b4d.build/Objects-normal/x86_64
write-file /Users/rickardbergeling/GitHub/Datorgrafik-Visualisering/Assignment05/build/CMakeFiles/CMakeTmp/CMAKE_TRY_COMPILE.build/Debug/cmTC_55b4d.build/Objects-normal/x86_64/cmTC_55b4d.LinkFileList

CompileC CMAKE_TRY_COMPILE.build/Debug/cmTC_55b4d.build/Objects-normal/x86_64/src.o src.cxx normal x86_64 c++ com.apple.compilers.llvm.clang.1_0.compiler
    cd /Users/rickardbergeling/GitHub/Datorgrafik-Visualisering/Assignment05/build/CMakeFiles/CMakeTmp
    export LANG=en_US.US-ASCII
    /Applications/Xcode.app/Contents/Developer/Toolchains/XcodeDefault.xctoolchain/usr/bin/clang -x c++ -arch x86_64 -fmessage-length=0 -fdiagnostics-show-note-include-stack -fmacro-backtrace-limit=0 -Wno-trigraphs -fpascal-strings -O0 -Wno-missing-field-initializers -Wno-missing-prototypes -Wno-return-type -Wno-non-virtual-dtor -Wno-overloaded-virtual -Wno-exit-time-destructors -Wno-missing-braces -Wparentheses -Wswitch -Wno-unused-function -Wno-unused-label -Wno-unused-parameter -Wno-unused-variable -Wunused-value -Wno-empty-body -Wno-uninitialized -Wno-unknown-pragmas -Wno-shadow -Wno-four-char-constants -Wno-conversion -Wno-constant-conversion -Wno-int-conversion -Wno-bool-conversion -Wno-enum-conversion -Wno-shorten-64-to-32 -Wno-newline-eof -Wno-c++11-extensions -DCMAKE_INTDIR=\"Debug\" -isysroot /Applications/Xcode.app/Contents/Developer/Platforms/MacOSX.platform/Developer/SDKs/MacOSX10.11.sdk -fasm-blocks -fstrict-aliasing -Wdeprecated-declarations -Winvalid-offsetof -mmacosx-version-min=10.11 -g -Wno-sign-conversion -I/Users/rickardbergeling/GitHub/Datorgrafik-Visualisering/Assignment05/build/CMakeFiles/CMakeTmp/Debug/include -I/Users/rickardbergeling/GitHub/Datorgrafik-Visualisering/Assignment05/build/CMakeFiles/CMakeTmp/CMAKE_TRY_COMPILE.build/Debug/cmTC_55b4d.build/DerivedSources/x86_64 -I/Users/rickardbergeling/GitHub/Datorgrafik-Visualisering/Assignment05/build/CMakeFiles/CMakeTmp/CMAKE_TRY_COMPILE.build/Debug/cmTC_55b4d.build/DerivedSources -Wmost -Wno-four-char-constants -Wno-unknown-pragmas -F/Users/rickardbergeling/GitHub/Datorgrafik-Visualisering/Assignment05/build/CMakeFiles/CMakeTmp/Debug -DOpenMP_FLAG_DETECTED -qsmp -MMD -MT dependencies -MF /Users/rickardbergeling/GitHub/Datorgrafik-Visualisering/Assignment05/build/CMakeFiles/CMakeTmp/CMAKE_TRY_COMPILE.build/Debug/cmTC_55b4d.build/Objects-normal/x86_64/src.d --serialize-diagnostics /Users/rickardbergeling/GitHub/Datorgrafik-Visualisering/Assignment05/build/CMakeFiles/CMakeTmp/CMAKE_TRY_COMPILE.build/Debug/cmTC_55b4d.build/Objects-normal/x86_64/src.dia -c /Users/rickardbergeling/GitHub/Datorgrafik-Visualisering/Assignment05/build/CMakeFiles/CMakeTmp/src.cxx -o /Users/rickardbergeling/GitHub/Datorgrafik-Visualisering/Assignment05/build/CMakeFiles/CMakeTmp/CMAKE_TRY_COMPILE.build/Debug/cmTC_55b4d.build/Objects-normal/x86_64/src.o
clang: error: unknown argument: '-qsmp'

** BUILD FAILED **


The following build commands failed:
	CompileC CMAKE_TRY_COMPILE.build/Debug/cmTC_55b4d.build/Objects-normal/x86_64/src.o src.cxx normal x86_64 c++ com.apple.compilers.llvm.clang.1_0.compiler
(1 failure)

Source file was:

#include <omp.h>
int main() {
#ifdef _OPENMP
  return 0;
#else
  breaks_on_purpose
#endif
}

Performing C++ SOURCE FILE Test OpenMP_FLAG_DETECTED failed with the following output:
Change Dir: /Users/rickardbergeling/GitHub/Datorgrafik-Visualisering/Assignment05/build/CMakeFiles/CMakeTmp

Run Build Command:"/usr/bin/xcodebuild" "-project" "CMAKE_TRY_COMPILE.xcodeproj" "build" "-target" "cmTC_355d5" "-configuration" "Debug"
=== BUILD TARGET cmTC_355d5 OF PROJECT CMAKE_TRY_COMPILE WITH CONFIGURATION Debug ===

Check dependencies

Write auxiliary files
/bin/mkdir -p /Users/rickardbergeling/GitHub/Datorgrafik-Visualisering/Assignment05/build/CMakeFiles/CMakeTmp/CMAKE_TRY_COMPILE.build/Debug/cmTC_355d5.build/Objects-normal/x86_64
write-file /Users/rickardbergeling/GitHub/Datorgrafik-Visualisering/Assignment05/build/CMakeFiles/CMakeTmp/CMAKE_TRY_COMPILE.build/Debug/cmTC_355d5.build/Objects-normal/x86_64/cmTC_355d5.LinkFileList

CompileC CMAKE_TRY_COMPILE.build/Debug/cmTC_355d5.build/Objects-normal/x86_64/src.o src.cxx normal x86_64 c++ com.apple.compilers.llvm.clang.1_0.compiler
    cd /Users/rickardbergeling/GitHub/Datorgrafik-Visualisering/Assignment05/build/CMakeFiles/CMakeTmp
    export LANG=en_US.US-ASCII
    /Applications/Xcode.app/Contents/Developer/Toolchains/XcodeDefault.xctoolchain/usr/bin/clang -x c++ -arch x86_64 -fmessage-length=0 -fdiagnostics-show-note-include-stack -fmacro-backtrace-limit=0 -Wno-trigraphs -fpascal-strings -O0 -Wno-missing-field-initializers -Wno-missing-prototypes -Wno-return-type -Wno-non-virtual-dtor -Wno-overloaded-virtual -Wno-exit-time-destructors -Wno-missing-braces -Wparentheses -Wswitch -Wno-unused-function -Wno-unused-label -Wno-unused-parameter -Wno-unused-variable -Wunused-value -Wno-empty-body -Wno-uninitialized -Wno-unknown-pragmas -Wno-shadow -Wno-four-char-constants -Wno-conversion -Wno-constant-conversion -Wno-int-conversion -Wno-bool-conversion -Wno-enum-conversion -Wno-shorten-64-to-32 -Wno-newline-eof -Wno-c++11-extensions -DCMAKE_INTDIR=\"Debug\" -isysroot /Applications/Xcode.app/Contents/Developer/Platforms/MacOSX.platform/Developer/SDKs/MacOSX10.11.sdk -fasm-blocks -fstrict-aliasing -Wdeprecated-declarations -Winvalid-offsetof -mmacosx-version-min=10.11 -g -Wno-sign-conversion -I/Users/rickardbergeling/GitHub/Datorgrafik-Visualisering/Assignment05/build/CMakeFiles/CMakeTmp/Debug/include -I/Users/rickardbergeling/GitHub/Datorgrafik-Visualisering/Assignment05/build/CMakeFiles/CMakeTmp/CMAKE_TRY_COMPILE.build/Debug/cmTC_355d5.build/DerivedSources/x86_64 -I/Users/rickardbergeling/GitHub/Datorgrafik-Visualisering/Assignment05/build/CMakeFiles/CMakeTmp/CMAKE_TRY_COMPILE.build/Debug/cmTC_355d5.build/DerivedSources -Wmost -Wno-four-char-constants -Wno-unknown-pragmas -F/Users/rickardbergeling/GitHub/Datorgrafik-Visualisering/Assignment05/build/CMakeFiles/CMakeTmp/Debug -DOpenMP_FLAG_DETECTED -mp -MMD -MT dependencies -MF /Users/rickardbergeling/GitHub/Datorgrafik-Visualisering/Assignment05/build/CMakeFiles/CMakeTmp/CMAKE_TRY_COMPILE.build/Debug/cmTC_355d5.build/Objects-normal/x86_64/src.d --serialize-diagnostics /Users/rickardbergeling/GitHub/Datorgrafik-Visualisering/Assignment05/build/CMakeFiles/CMakeTmp/CMAKE_TRY_COMPILE.build/Debug/cmTC_355d5.build/Objects-normal/x86_64/src.dia -c /Users/rickardbergeling/GitHub/Datorgrafik-Visualisering/Assignment05/build/CMakeFiles/CMakeTmp/src.cxx -o /Users/rickardbergeling/GitHub/Datorgrafik-Visualisering/Assignment05/build/CMakeFiles/CMakeTmp/CMAKE_TRY_COMPILE.build/Debug/cmTC_355d5.build/Objects-normal/x86_64/src.o
clang: error: unknown argument: '-mp'

** BUILD FAILED **


The following build commands failed:
	CompileC CMAKE_TRY_COMPILE.build/Debug/cmTC_355d5.build/Objects-normal/x86_64/src.o src.cxx normal x86_64 c++ com.apple.compilers.llvm.clang.1_0.compiler
(1 failure)

Source file was:

#include <omp.h>
int main() {
#ifdef _OPENMP
  return 0;
#else
  breaks_on_purpose
#endif
}

